#
# A fatal error has been detected by the Java Runtime Environment:
#
#  SIGSEGV (0xb) at pc=0x00007f8bd476c0ab, pid=1315, tid=1335
#
# JRE version: OpenJDK Runtime Environment (11.0.6+10) (build 11.0.6+10-post-Ubuntu-1ubuntu118.04.1)
# Java VM: OpenJDK 64-Bit Server VM (11.0.6+10-post-Ubuntu-1ubuntu118.04.1, mixed mode, sharing, tiered, compressed oops, g1 gc, linux-amd64)
# Problematic frame:
# V  [libjvm.so+0x80a0ab]
#
# Core dump will be written. Default location: Core dumps may be processed with "/lib/systemd/systemd-coredump %P %u %g %s %t 9223372036854775808 %e" (or dumping to /home/roman/IdeaProjects/newVkPostBote/core.1315)
#
# If you would like to submit a bug report, please visit:
#   https://bugs.launchpad.net/ubuntu/+source/openjdk-lts
#

---------------  S U M M A R Y ------------

Command Line: -agentlib:jdwp=transport=dt_socket,address=127.0.0.1:59413,suspend=y,server=n -javaagent:/snap/intellij-idea-ultimate/218/plugins/java/lib/rt/debugger-agent.jar -Dfile.encoding=UTF-8 bot.Application

Host: Intel(R) Core(TM) i5-8250U CPU @ 1.60GHz, 8 cores, 7G, Linux Mint 19.3 Tricia
Time: Mon Apr 20 21:10:19 2020 MSK elapsed time: 103 seconds (0d 0h 1m 43s)

---------------  T H R E A D  ---------------

Current thread (0x00007f8bcc190000):  JavaThread "C2 CompilerThread0" daemon [_thread_in_native, id=1335, stack(0x00007f8bb4084000,0x00007f8bb4185000)]


Current CompileTask:
C2: 103642 5516       4       org.springframework.transaction.interceptor.TransactionAttributeSourcePointcut::matches (26 bytes)

Stack: [0x00007f8bb4084000,0x00007f8bb4185000],  sp=0x00007f8bb4180410,  free space=1009k
Native frames: (J=compiled Java code, A=aot compiled Java code, j=interpreted, Vv=VM code, C=native code)
V  [libjvm.so+0x80a0ab]
V  [libjvm.so+0x52c65a]
V  [libjvm.so+0x52fdf7]
V  [libjvm.so+0x5efada]
V  [libjvm.so+0x5f30f0]
V  [libjvm.so+0x5098ac]
V  [libjvm.so+0x5fcf43]
V  [libjvm.so+0x5fe6e8]
V  [libjvm.so+0xd83203]
V  [libjvm.so+0xd834d5]
V  [libjvm.so+0xd7f20a]
V  [libjvm.so+0xbcf1fe]


siginfo: si_signo: 11 (SIGSEGV), si_code: 2 (SEGV_ACCERR), si_addr: 0x00007f8bd52452bc

Register to memory mapping:

RAX=0x00000000001c8400 is an unknown value
RBX=0x00007f8b89531f00 points into unknown readable memory: d6 f0 19 02 d4 41 4e 3f
RCX=0x0000000000007f8b is an unknown value
RDX=0x00007f8b89300a00 points into unknown readable memory: 17 00 00 00 8b 7f 00 00
RSP=0x00007f8bb4180410 is pointing into the stack for thread: 0x00007f8bcc190000
RBP=0x00007f8bb41804a0 is pointing into the stack for thread: 0x00007f8bcc190000
RSI=0x0000000000000800 is an unknown value
RDI=0x00007f8bd52452bc: <offset 0x00000000012e32bc> in /usr/lib/jvm/java-11-openjdk-amd64/lib/server/libjvm.so at 0x00007f8bd3f62000
R8 =0x0 is NULL
R9 =0x0 is NULL
R10=0x000000000000778b is an unknown value
R11=0x0 is NULL
R12=0x00000000fffff7ff is an unallocated location in the heap
R13=0x00007f8bb4180650 is pointing into the stack for thread: 0x00007f8bcc190000
R14=0x0000000000000010 is an unknown value
R15=0x000000000000001c is an unknown value


Registers:
RAX=0x00000000001c8400, RBX=0x00007f8b89531f00, RCX=0x0000000000007f8b, RDX=0x00007f8b89300a00
RSP=0x00007f8bb4180410, RBP=0x00007f8bb41804a0, RSI=0x0000000000000800, RDI=0x00007f8bd52452bc
R8 =0x0000000000000000, R9 =0x0000000000000000, R10=0x000000000000778b, R11=0x0000000000000000
R12=0x00000000fffff7ff, R13=0x00007f8bb4180650, R14=0x0000000000000010, R15=0x000000000000001c
RIP=0x00007f8bd476c0ab, EFLAGS=0x0000000000010206, CSGSFS=0x002b000000000033, ERR=0x0000000000000007
  TRAPNO=0x000000000000000e

Top of Stack: (sp=0x00007f8bb4180410)
0x00007f8bb4180410:   00007f8b8855ca20 000000000001d2e0
0x00007f8bb4180420:   00007f8bb4180430 00000800b4180760
0x00007f8bb4180430:   00002da500000000 00007f8b00000006
0x00007f8bb4180440:   00007f8b88622560 3f8eb8510000002e 

Instructions: (pc=0x00007f8bd476c0ab)
0x00007f8bd476bfab:   83 e7 1f 41 89 f6 48 83 ec 68 48 8b 7f 38 44 3b
0x00007f8bd476bfbb:   67 10 0f 83 65 01 00 00 48 8b 7f 18 44 89 e0 be
0x00007f8bd476bfcb:   01 00 00 00 44 89 f9 48 d3 e6 09 34 87 44 89 f0
0x00007f8bd476bfdb:   49 8b 75 10 41 c1 ee 08 48 8d 1c 80 48 8d 45 90
0x00007f8bd476bfeb:   49 c1 e6 03 48 c1 e3 05 48 89 c7 48 89 45 80 48
0x00007f8bd476bffb:   01 de 48 89 9d 78 ff ff ff e8 77 c5 00 00 44 89
0x00007f8bd476c00b:   e2 44 89 f9 be 01 00 00 00 83 e2 07 d3 e6 49 03
0x00007f8bd476c01b:   5d 20 4c 8d 3c 95 00 00 00 00 8b 55 90 41 89 f4
0x00007f8bd476c02b:   41 f7 d4 85 d2 0f 84 b4 00 00 00 66 2e 0f 1f 84
0x00007f8bd476c03b:   00 00 00 00 00 89 d1 8b 45 94 83 e1 1f 85 c9 89
0x00007f8bd476c04b:   cf 75 11 66 90 c1 ea 05 83 c0 05 89 d1 83 e1 1f
0x00007f8bd476c05b:   74 f3 89 cf 48 8d 0d 1a 79 6a 00 0f b6 0c 39 d3
0x00007f8bd476c06b:   ea 01 c1 89 55 90 48 8d 15 28 79 6a 00 89 4d 94
0x00007f8bd476c07b:   0f b6 14 3a 01 d0 49 8b 55 10 85 c0 74 78 89 c0
0x00007f8bd476c08b:   48 8d 04 80 48 c1 e0 05 48 01 c2 48 8b 4a 08 4a
0x00007f8bd476c09b:   8b 3c 31 4c 01 ff 8b 0f 41 89 ca 45 21 e2 85 ce
0x00007f8bd476c0ab:   44 89 17 74 03 83 2a 01 49 03 45 20 f6 83 99 00
0x00007f8bd476c0bb:   00 00 01 0f b7 93 94 00 00 00 0f b7 88 94 00 00
0x00007f8bd476c0cb:   00 75 52 f6 80 99 00 00 00 01 75 49 39 ca 0f 4c
0x00007f8bd476c0db:   d1 29 50 34 8b 55 90 85 d2 0f 85 56 ff ff ff 48
0x00007f8bd476c0eb:   8b 7d 80 89 75 8c e8 5a c5 00 00 85 c0 8b 75 8c
0x00007f8bd476c0fb:   49 8b 55 10 75 88 48 8b 85 78 ff ff ff 48 83 c4
0x00007f8bd476c10b:   68 5b 41 5c 48 01 d0 41 5d 41 5e 41 5f 5d c3 66
0x00007f8bd476c11b:   0f 1f 44 00 00 0f af d1 eb b7 0f 1f 00 48 8b 07
0x00007f8bd476c12b:   ff 50 20 e9 a5 fe ff ff 90 66 90 66 2e 0f 1f 84
0x00007f8bd476c13b:   00 00 00 00 00 55 48 89 e5 41 57 41 56 41 55 41
0x00007f8bd476c14b:   54 49 89 fe 53 41 89 f7 41 bd 01 00 00 00 45 89
0x00007f8bd476c15b:   fc 44 89 fb 48 83 ec 58 48 8b 7f 38 41 c1 ec 05
0x00007f8bd476c16b:   c1 eb 08 41 83 e4 07 48 c1 e3 03 49 c1 e4 02 48
0x00007f8bd476c17b:   8b 07 ff 50 28 44 89 f8 48 8d 34 80 48 8d 45 90
0x00007f8bd476c18b:   48 c1 e6 05 49 03 76 10 48 89 c7 48 89 45 88 e8
0x00007f8bd476c19b:   e1 c3 00 00 44 89 f9 41 d3 e5 0f 1f 00 8b 55 90 


Stack slot to memory mapping:
stack at sp + 0 slots: 0x00007f8b8855ca20 points into unknown readable memory: a0 52 34 d5 8b 7f 00 00
stack at sp + 1 slots: 0x000000000001d2e0 is an unknown value
stack at sp + 2 slots: 0x00007f8bb4180430 is pointing into the stack for thread: 0x00007f8bcc190000
stack at sp + 3 slots: 0x00000800b4180760 is an unknown value
stack at sp + 4 slots: 0x00002da500000000 is an unknown value
stack at sp + 5 slots: 0x00007f8b00000006 points into unknown readable memory: 00 00
stack at sp + 6 slots: 0x00007f8b88622560 points into unknown readable memory: 00 00 00 00 00 00 00 00
stack at sp + 7 slots: 0x3f8eb8510000002e is an unknown value


---------------  P R O C E S S  ---------------

Threads class SMR info:
_java_thread_list=0x00007f8b78be7410, length=28, elements={
0x00007f8bcc186800, 0x00007f8bcc188800, 0x00007f8bcc18e000, 0x00007f8bcc190000,
0x00007f8bcc192000, 0x00007f8bcc194000, 0x00007f8bcc1ba000, 0x00007f8bcc1fd000,
0x00007f8bcc201000, 0x00007f8b6c001800, 0x00007f8bcc5d0000, 0x00007f8bcd199800,
0x00007f8b40002800, 0x00007f8bcd186000, 0x00007f8bce319000, 0x00007f8bce31a800,
0x00007f8bce31c000, 0x00007f8bce31e000, 0x00007f8bce31f800, 0x00007f8bce321800,
0x00007f8bce323000, 0x00007f8bce32c800, 0x00007f8bce32e000, 0x00007f8bce330000,
0x00007f8bce332000, 0x00007f8bce335000, 0x00007f8bce33d800, 0x00007f8bcc019000
}

Java Threads: ( => current thread )
  0x00007f8bcc186800 JavaThread "Reference Handler" daemon [_thread_blocked, id=1331, stack(0x00007f8bb4387000,0x00007f8bb4488000)]
  0x00007f8bcc188800 JavaThread "Finalizer" daemon [_thread_blocked, id=1332, stack(0x00007f8bb4286000,0x00007f8bb4387000)]
  0x00007f8bcc18e000 JavaThread "Signal Dispatcher" daemon [_thread_blocked, id=1334, stack(0x00007f8bb4185000,0x00007f8bb4286000)]
=>0x00007f8bcc190000 JavaThread "C2 CompilerThread0" daemon [_thread_in_native, id=1335, stack(0x00007f8bb4084000,0x00007f8bb4185000)]
  0x00007f8bcc192000 JavaThread "C1 CompilerThread0" daemon [_thread_blocked, id=1336, stack(0x00007f8ba56ff000,0x00007f8ba5800000)]
  0x00007f8bcc194000 JavaThread "Sweeper thread" daemon [_thread_blocked, id=1337, stack(0x00007f8ba55fe000,0x00007f8ba56ff000)]
  0x00007f8bcc1ba000 JavaThread "Common-Cleaner" daemon [_thread_blocked, id=1346, stack(0x00007f8ba54fd000,0x00007f8ba55fe000)]
  0x00007f8bcc1fd000 JavaThread "JDWP Transport Listener: dt_socket" daemon [_thread_blocked, id=1350, stack(0x00007f8ba50f5000,0x00007f8ba51f6000)]
  0x00007f8bcc201000 JavaThread "JDWP Event Helper Thread" daemon [_thread_blocked, id=1354, stack(0x00007f8ba4ff4000,0x00007f8ba50f5000)]
  0x00007f8b6c001800 JavaThread "JDWP Command Reader" daemon [_thread_in_native, id=1355, stack(0x00007f8ba4ef3000,0x00007f8ba4ff4000)]
  0x00007f8bcc5d0000 JavaThread "Service Thread" daemon [_thread_blocked, id=1357, stack(0x00007f8ba49ca000,0x00007f8ba4acb000)]
  0x00007f8bcd199800 JavaThread "Catalina-utility-1" [_thread_blocked, id=1375, stack(0x00007f8ba47c7000,0x00007f8ba48c8000)]
  0x00007f8b40002800 JavaThread "Catalina-utility-2" [_thread_blocked, id=1376, stack(0x00007f8b52e86000,0x00007f8b52f87000)]
  0x00007f8bcd186000 JavaThread "container-0" [_thread_blocked, id=1377, stack(0x00007f8b52b0a000,0x00007f8b52c0b000)]
  0x00007f8bce319000 JavaThread "http-nio-8080-BlockPoller" daemon [_thread_in_native, id=1386, stack(0x00007f8b50940000,0x00007f8b50a41000)]
  0x00007f8bce31a800 JavaThread "http-nio-8080-exec-1" daemon [_thread_blocked, id=1387, stack(0x00007f8b50345000,0x00007f8b50446000)]
  0x00007f8bce31c000 JavaThread "http-nio-8080-exec-2" daemon [_thread_in_native, id=1388, stack(0x00007f8b50244000,0x00007f8b50345000)]
  0x00007f8bce31e000 JavaThread "http-nio-8080-exec-3" daemon [_thread_blocked, id=1389, stack(0x00007f8b50143000,0x00007f8b50244000)]
  0x00007f8bce31f800 JavaThread "http-nio-8080-exec-4" daemon [_thread_blocked, id=1390, stack(0x00007f8b50042000,0x00007f8b50143000)]
  0x00007f8bce321800 JavaThread "http-nio-8080-exec-5" daemon [_thread_blocked, id=1391, stack(0x00007f8b17eff000,0x00007f8b18000000)]
  0x00007f8bce323000 JavaThread "http-nio-8080-exec-6" daemon [_thread_blocked, id=1392, stack(0x00007f8b17dfe000,0x00007f8b17eff000)]
  0x00007f8bce32c800 JavaThread "http-nio-8080-exec-7" daemon [_thread_blocked, id=1393, stack(0x00007f8b17cfd000,0x00007f8b17dfe000)]
  0x00007f8bce32e000 JavaThread "http-nio-8080-exec-8" daemon [_thread_blocked, id=1394, stack(0x00007f8b17bfc000,0x00007f8b17cfd000)]
  0x00007f8bce330000 JavaThread "http-nio-8080-exec-9" daemon [_thread_blocked, id=1395, stack(0x00007f8b17afb000,0x00007f8b17bfc000)]
  0x00007f8bce332000 JavaThread "http-nio-8080-exec-10" daemon [_thread_blocked, id=1396, stack(0x00007f8b179fa000,0x00007f8b17afb000)]
  0x00007f8bce335000 JavaThread "http-nio-8080-ClientPoller" daemon [_thread_in_native, id=1397, stack(0x00007f8b178f9000,0x00007f8b179fa000)]
  0x00007f8bce33d800 JavaThread "http-nio-8080-Acceptor" daemon [_thread_in_native, id=1398, stack(0x00007f8b177f8000,0x00007f8b178f9000)]
  0x00007f8bcc019000 JavaThread "DestroyJavaVM" [_thread_blocked, id=1318, stack(0x00007f8bd60d1000,0x00007f8bd61d2000)]

Other Threads:
  0x00007f8bcc183800 VMThread "VM Thread" [stack: 0x00007f8bb448a000,0x00007f8bb458a000] [id=1330]
  0x00007f8bcc5d3800 WatcherThread [stack: 0x00007f8ba48ca000,0x00007f8ba49ca000] [id=1358]
  0x00007f8bcc032000 GCTaskThread "GC Thread#0" [stack: 0x00007f8bd1c74000,0x00007f8bd1d74000] [id=1319]
  0x00007f8b98001000 GCTaskThread "GC Thread#1" [stack: 0x00007f8ba46c7000,0x00007f8ba47c7000] [id=1362]
  0x00007f8b98002800 GCTaskThread "GC Thread#2" [stack: 0x00007f8ba45c5000,0x00007f8ba46c5000] [id=1364]
  0x00007f8b98004000 GCTaskThread "GC Thread#3" [stack: 0x00007f8ba44c3000,0x00007f8ba45c3000] [id=1365]
  0x00007f8b9802b000 GCTaskThread "GC Thread#4" [stack: 0x00007f8b5217b000,0x00007f8b5227b000] [id=1378]
  0x00007f8b9802c800 GCTaskThread "GC Thread#5" [stack: 0x00007f8b52079000,0x00007f8b52179000] [id=1379]
  0x00007f8b9802e000 GCTaskThread "GC Thread#6" [stack: 0x00007f8b51f77000,0x00007f8b52077000] [id=1380]
  0x00007f8b9802f800 GCTaskThread "GC Thread#7" [stack: 0x00007f8b51e75000,0x00007f8b51f75000] [id=1381]
  0x00007f8bcc062000 ConcurrentGCThread "G1 Main Marker" [stack: 0x00007f8bd083f000,0x00007f8bd093f000] [id=1321]
  0x00007f8bcc063800 ConcurrentGCThread "G1 Conc#0" [stack: 0x00007f8bd073d000,0x00007f8bd083d000] [id=1322]
  0x00007f8ba8001000 ConcurrentGCThread "G1 Conc#1" [stack: 0x00007f8b53bff000,0x00007f8b53cff000] [id=1374]
  0x00007f8bcc0e9000 ConcurrentGCThread "G1 Refine#0" [stack: 0x00007f8bb470f000,0x00007f8bb480f000] [id=1323]
  0x00007f8bcc0eb000 ConcurrentGCThread "G1 Young RemSet Sampling" [stack: 0x00007f8bb460d000,0x00007f8bb470d000] [id=1325]

Threads with active compile tasks:
C2 CompilerThread0 103650 5516       4       org.springframework.transaction.interceptor.TransactionAttributeSourcePointcut::matches (26 bytes)

VM state:not at safepoint (normal execution)

VM Mutex/Monitor currently owned by a thread: None

Heap address: 0x0000000088e00000, size: 1906 MB, Compressed Oops mode: 32-bit
Narrow klass base: 0x0000000800000000, Narrow klass shift: 3
Compressed class space size: 1073741824 Address: 0x0000000840000000

Heap:
 garbage-first heap   total 188416K, used 56597K [0x0000000088e00000, 0x0000000100000000)
  region size 1024K, 42 young (43008K), 11 survivors (11264K)
 Metaspace       used 63188K, capacity 64657K, committed 64776K, reserved 1105920K
  class space    used 8288K, capacity 8910K, committed 8960K, reserved 1048576K
Heap Regions: E=young(eden), S=young(survivor), O=old, HS=humongous(starts), HC=humongous(continues), CS=collection set, F=free, A=archive, TAMS=top-at-mark-start (previous, next)
|   0|0x0000000088e00000, 0x0000000088f00000, 0x0000000088f00000|100%|HS|  |TAMS 0x0000000088f00000, 0x0000000088e00000| Complete 
|   1|0x0000000088f00000, 0x0000000089000000, 0x0000000089000000|100%| O|  |TAMS 0x0000000089000000, 0x0000000088f00000| Untracked 
|   2|0x0000000089000000, 0x0000000089100000, 0x0000000089100000|100%| O|  |TAMS 0x0000000089100000, 0x0000000089000000| Untracked 
|   3|0x0000000089100000, 0x0000000089200000, 0x0000000089200000|100%| O|  |TAMS 0x0000000089200000, 0x0000000089100000| Untracked 
|   4|0x0000000089200000, 0x0000000089300000, 0x0000000089300000|100%| O|  |TAMS 0x0000000089300000, 0x0000000089200000| Untracked 
|   5|0x0000000089300000, 0x0000000089400000, 0x0000000089400000|100%| O|  |TAMS 0x0000000089400000, 0x0000000089300000| Untracked 
|   6|0x0000000089400000, 0x0000000089500000, 0x0000000089500000|100%| O|  |TAMS 0x0000000089500000, 0x0000000089400000| Untracked 
|   7|0x0000000089500000, 0x0000000089600000, 0x0000000089600000|100%| O|  |TAMS 0x0000000089600000, 0x0000000089500000| Untracked 
|   8|0x0000000089600000, 0x0000000089700000, 0x0000000089700000|100%| O|  |TAMS 0x0000000089700000, 0x0000000089600000| Untracked 
|   9|0x0000000089700000, 0x0000000089800000, 0x0000000089800000|100%| O|  |TAMS 0x0000000089800000, 0x0000000089700000| Untracked 
|  10|0x0000000089800000, 0x0000000089900000, 0x0000000089900000|100%| O|  |TAMS 0x0000000089900000, 0x0000000089800000| Untracked 
|  11|0x0000000089900000, 0x0000000089a00000, 0x0000000089a00000|100%| O|  |TAMS 0x0000000089a00000, 0x0000000089900000| Untracked 
|  12|0x0000000089a00000, 0x0000000089b00000, 0x0000000089b00000|100%| O|  |TAMS 0x0000000089b00000, 0x0000000089a00000| Untracked 
|  13|0x0000000089b00000, 0x0000000089bc5000, 0x0000000089c00000| 76%| O|  |TAMS 0x0000000089bc5000, 0x0000000089b00000| Untracked 
|  14|0x0000000089c00000, 0x0000000089c00000, 0x0000000089d00000|  0%| F|  |TAMS 0x0000000089c00000, 0x0000000089c00000| Untracked 
|  15|0x0000000089d00000, 0x0000000089d00000, 0x0000000089e00000|  0%| F|  |TAMS 0x0000000089d00000, 0x0000000089d00000| Untracked 
|  16|0x0000000089e00000, 0x0000000089e00000, 0x0000000089f00000|  0%| F|  |TAMS 0x0000000089e00000, 0x0000000089e00000| Untracked 
|  17|0x0000000089f00000, 0x0000000089f00000, 0x000000008a000000|  0%| F|  |TAMS 0x0000000089f00000, 0x0000000089f00000| Untracked 
|  18|0x000000008a000000, 0x000000008a000000, 0x000000008a100000|  0%| F|  |TAMS 0x000000008a000000, 0x000000008a000000| Untracked 
|  19|0x000000008a100000, 0x000000008a100000, 0x000000008a200000|  0%| F|  |TAMS 0x000000008a100000, 0x000000008a100000| Untracked 
|  20|0x000000008a200000, 0x000000008a200000, 0x000000008a300000|  0%| F|  |TAMS 0x000000008a200000, 0x000000008a200000| Untracked 
|  21|0x000000008a300000, 0x000000008a300000, 0x000000008a400000|  0%| F|  |TAMS 0x000000008a300000, 0x000000008a300000| Untracked 
|  22|0x000000008a400000, 0x000000008a400000, 0x000000008a500000|  0%| F|  |TAMS 0x000000008a400000, 0x000000008a400000| Untracked 
|  23|0x000000008a500000, 0x000000008a500000, 0x000000008a600000|  0%| F|  |TAMS 0x000000008a500000, 0x000000008a500000| Untracked 
|  24|0x000000008a600000, 0x000000008a600000, 0x000000008a700000|  0%| F|  |TAMS 0x000000008a600000, 0x000000008a600000| Untracked 
|  25|0x000000008a700000, 0x000000008a700000, 0x000000008a800000|  0%| F|  |TAMS 0x000000008a700000, 0x000000008a700000| Untracked 
|  26|0x000000008a800000, 0x000000008a800000, 0x000000008a900000|  0%| F|  |TAMS 0x000000008a800000, 0x000000008a800000| Untracked 
|  27|0x000000008a900000, 0x000000008a900000, 0x000000008aa00000|  0%| F|  |TAMS 0x000000008a900000, 0x000000008a900000| Untracked 
|  28|0x000000008aa00000, 0x000000008aa00000, 0x000000008ab00000|  0%| F|  |TAMS 0x000000008aa00000, 0x000000008aa00000| Untracked 
|  29|0x000000008ab00000, 0x000000008ab00000, 0x000000008ac00000|  0%| F|  |TAMS 0x000000008ab00000, 0x000000008ab00000| Untracked 
|  30|0x000000008ac00000, 0x000000008ac00000, 0x000000008ad00000|  0%| F|  |TAMS 0x000000008ac00000, 0x000000008ac00000| Untracked 
|  31|0x000000008ad00000, 0x000000008ad00000, 0x000000008ae00000|  0%| F|  |TAMS 0x000000008ad00000, 0x000000008ad00000| Untracked 
|  32|0x000000008ae00000, 0x000000008ae00000, 0x000000008af00000|  0%| F|  |TAMS 0x000000008ae00000, 0x000000008ae00000| Untracked 
|  33|0x000000008af00000, 0x000000008af00000, 0x000000008b000000|  0%| F|  |TAMS 0x000000008af00000, 0x000000008af00000| Untracked 
|  34|0x000000008b000000, 0x000000008b000000, 0x000000008b100000|  0%| F|  |TAMS 0x000000008b000000, 0x000000008b000000| Untracked 
|  35|0x000000008b100000, 0x000000008b100000, 0x000000008b200000|  0%| F|  |TAMS 0x000000008b100000, 0x000000008b100000| Untracked 
|  36|0x000000008b200000, 0x000000008b200000, 0x000000008b300000|  0%| F|  |TAMS 0x000000008b200000, 0x000000008b200000| Untracked 
|  37|0x000000008b300000, 0x000000008b300000, 0x000000008b400000|  0%| F|  |TAMS 0x000000008b300000, 0x000000008b300000| Untracked 
|  38|0x000000008b400000, 0x000000008b400000, 0x000000008b500000|  0%| F|  |TAMS 0x000000008b400000, 0x000000008b400000| Untracked 
|  39|0x000000008b500000, 0x000000008b500000, 0x000000008b600000|  0%| F|  |TAMS 0x000000008b500000, 0x000000008b500000| Untracked 
|  40|0x000000008b600000, 0x000000008b600000, 0x000000008b700000|  0%| F|  |TAMS 0x000000008b600000, 0x000000008b600000| Untracked 
|  41|0x000000008b700000, 0x000000008b700000, 0x000000008b800000|  0%| F|  |TAMS 0x000000008b700000, 0x000000008b700000| Untracked 
|  42|0x000000008b800000, 0x000000008b800000, 0x000000008b900000|  0%| F|  |TAMS 0x000000008b800000, 0x000000008b800000| Untracked 
|  43|0x000000008b900000, 0x000000008b900000, 0x000000008ba00000|  0%| F|  |TAMS 0x000000008b900000, 0x000000008b900000| Untracked 
|  44|0x000000008ba00000, 0x000000008ba00000, 0x000000008bb00000|  0%| F|  |TAMS 0x000000008ba00000, 0x000000008ba00000| Untracked 
|  45|0x000000008bb00000, 0x000000008bb00000, 0x000000008bc00000|  0%| F|  |TAMS 0x000000008bb00000, 0x000000008bb00000| Untracked 
|  46|0x000000008bc00000, 0x000000008bc00000, 0x000000008bd00000|  0%| F|  |TAMS 0x000000008bc00000, 0x000000008bc00000| Untracked 
|  47|0x000000008bd00000, 0x000000008bd00000, 0x000000008be00000|  0%| F|  |TAMS 0x000000008bd00000, 0x000000008bd00000| Untracked 
|  48|0x000000008be00000, 0x000000008be00000, 0x000000008bf00000|  0%| F|  |TAMS 0x000000008be00000, 0x000000008be00000| Untracked 
|  49|0x000000008bf00000, 0x000000008bf00000, 0x000000008c000000|  0%| F|  |TAMS 0x000000008bf00000, 0x000000008bf00000| Untracked 
|  50|0x000000008c000000, 0x000000008c000000, 0x000000008c100000|  0%| F|  |TAMS 0x000000008c000000, 0x000000008c000000| Untracked 
|  51|0x000000008c100000, 0x000000008c100000, 0x000000008c200000|  0%| F|  |TAMS 0x000000008c100000, 0x000000008c100000| Untracked 
|  52|0x000000008c200000, 0x000000008c200000, 0x000000008c300000|  0%| F|  |TAMS 0x000000008c200000, 0x000000008c200000| Untracked 
|  53|0x000000008c300000, 0x000000008c300000, 0x000000008c400000|  0%| F|  |TAMS 0x000000008c300000, 0x000000008c300000| Untracked 
|  54|0x000000008c400000, 0x000000008c400000, 0x000000008c500000|  0%| F|  |TAMS 0x000000008c400000, 0x000000008c400000| Untracked 
|  55|0x000000008c500000, 0x000000008c500000, 0x000000008c600000|  0%| F|  |TAMS 0x000000008c500000, 0x000000008c500000| Untracked 
|  56|0x000000008c600000, 0x000000008c600000, 0x000000008c700000|  0%| F|  |TAMS 0x000000008c600000, 0x000000008c600000| Untracked 
|  57|0x000000008c700000, 0x000000008c700000, 0x000000008c800000|  0%| F|  |TAMS 0x000000008c700000, 0x000000008c700000| Untracked 
|  58|0x000000008c800000, 0x000000008c800000, 0x000000008c900000|  0%| F|  |TAMS 0x000000008c800000, 0x000000008c800000| Untracked 
|  59|0x000000008c900000, 0x000000008c9cf6e0, 0x000000008ca00000| 81%| S|CS|TAMS 0x000000008c900000, 0x000000008c900000| Complete 
|  60|0x000000008ca00000, 0x000000008cb00000, 0x000000008cb00000|100%| S|CS|TAMS 0x000000008ca00000, 0x000000008ca00000| Complete 
|  61|0x000000008cb00000, 0x000000008cc00000, 0x000000008cc00000|100%| S|CS|TAMS 0x000000008cb00000, 0x000000008cb00000| Complete 
|  62|0x000000008cc00000, 0x000000008cd00000, 0x000000008cd00000|100%| S|CS|TAMS 0x000000008cc00000, 0x000000008cc00000| Complete 
|  63|0x000000008cd00000, 0x000000008ce00000, 0x000000008ce00000|100%| S|CS|TAMS 0x000000008cd00000, 0x000000008cd00000| Complete 
|  64|0x000000008ce00000, 0x000000008cf00000, 0x000000008cf00000|100%| S|CS|TAMS 0x000000008ce00000, 0x000000008ce00000| Complete 
|  65|0x000000008cf00000, 0x000000008d000000, 0x000000008d000000|100%| S|CS|TAMS 0x000000008cf00000, 0x000000008cf00000| Complete 
|  66|0x000000008d000000, 0x000000008d100000, 0x000000008d100000|100%| S|CS|TAMS 0x000000008d000000, 0x000000008d000000| Complete 
|  67|0x000000008d100000, 0x000000008d200000, 0x000000008d200000|100%| S|CS|TAMS 0x000000008d100000, 0x000000008d100000| Complete 
|  68|0x000000008d200000, 0x000000008d300000, 0x000000008d300000|100%| S|CS|TAMS 0x000000008d200000, 0x000000008d200000| Complete 
|  69|0x000000008d300000, 0x000000008d400000, 0x000000008d400000|100%| S|CS|TAMS 0x000000008d300000, 0x000000008d300000| Complete 
|  70|0x000000008d400000, 0x000000008d400000, 0x000000008d500000|  0%| F|  |TAMS 0x000000008d400000, 0x000000008d400000| Untracked 
|  71|0x000000008d500000, 0x000000008d500000, 0x000000008d600000|  0%| F|  |TAMS 0x000000008d500000, 0x000000008d500000| Untracked 
|  72|0x000000008d600000, 0x000000008d600000, 0x000000008d700000|  0%| F|  |TAMS 0x000000008d600000, 0x000000008d600000| Untracked 
|  73|0x000000008d700000, 0x000000008d700000, 0x000000008d800000|  0%| F|  |TAMS 0x000000008d700000, 0x000000008d700000| Untracked 
|  74|0x000000008d800000, 0x000000008d800000, 0x000000008d900000|  0%| F|  |TAMS 0x000000008d800000, 0x000000008d800000| Untracked 
|  75|0x000000008d900000, 0x000000008d900000, 0x000000008da00000|  0%| F|  |TAMS 0x000000008d900000, 0x000000008d900000| Untracked 
|  76|0x000000008da00000, 0x000000008da00000, 0x000000008db00000|  0%| F|  |TAMS 0x000000008da00000, 0x000000008da00000| Untracked 
|  77|0x000000008db00000, 0x000000008db00000, 0x000000008dc00000|  0%| F|  |TAMS 0x000000008db00000, 0x000000008db00000| Untracked 
|  78|0x000000008dc00000, 0x000000008dc00000, 0x000000008dd00000|  0%| F|  |TAMS 0x000000008dc00000, 0x000000008dc00000| Untracked 
|  79|0x000000008dd00000, 0x000000008dd00000, 0x000000008de00000|  0%| F|  |TAMS 0x000000008dd00000, 0x000000008dd00000| Untracked 
|  80|0x000000008de00000, 0x000000008de00000, 0x000000008df00000|  0%| F|  |TAMS 0x000000008de00000, 0x000000008de00000| Untracked 
|  81|0x000000008df00000, 0x000000008df00000, 0x000000008e000000|  0%| F|  |TAMS 0x000000008df00000, 0x000000008df00000| Untracked 
|  82|0x000000008e000000, 0x000000008e000000, 0x000000008e100000|  0%| F|  |TAMS 0x000000008e000000, 0x000000008e000000| Untracked 
|  83|0x000000008e100000, 0x000000008e100000, 0x000000008e200000|  0%| F|  |TAMS 0x000000008e100000, 0x000000008e100000| Untracked 
|  84|0x000000008e200000, 0x000000008e200000, 0x000000008e300000|  0%| F|  |TAMS 0x000000008e200000, 0x000000008e200000| Untracked 
|  85|0x000000008e300000, 0x000000008e300000, 0x000000008e400000|  0%| F|  |TAMS 0x000000008e300000, 0x000000008e300000| Untracked 
|  86|0x000000008e400000, 0x000000008e400000, 0x000000008e500000|  0%| F|  |TAMS 0x000000008e400000, 0x000000008e400000| Untracked 
|  87|0x000000008e500000, 0x000000008e500000, 0x000000008e600000|  0%| F|  |TAMS 0x000000008e500000, 0x000000008e500000| Untracked 
|  88|0x000000008e600000, 0x000000008e600000, 0x000000008e700000|  0%| F|  |TAMS 0x000000008e600000, 0x000000008e600000| Untracked 
|  89|0x000000008e700000, 0x000000008e700000, 0x000000008e800000|  0%| F|  |TAMS 0x000000008e700000, 0x000000008e700000| Untracked 
|  90|0x000000008e800000, 0x000000008e800000, 0x000000008e900000|  0%| F|  |TAMS 0x000000008e800000, 0x000000008e800000| Untracked 
|  91|0x000000008e900000, 0x000000008e900000, 0x000000008ea00000|  0%| F|  |TAMS 0x000000008e900000, 0x000000008e900000| Untracked 
|  92|0x000000008ea00000, 0x000000008ea00000, 0x000000008eb00000|  0%| F|  |TAMS 0x000000008ea00000, 0x000000008ea00000| Untracked 
|  93|0x000000008eb00000, 0x000000008eb00000, 0x000000008ec00000|  0%| F|  |TAMS 0x000000008eb00000, 0x000000008eb00000| Untracked 
|  94|0x000000008ec00000, 0x000000008ec00000, 0x000000008ed00000|  0%| F|  |TAMS 0x000000008ec00000, 0x000000008ec00000| Untracked 
|  95|0x000000008ed00000, 0x000000008ed00000, 0x000000008ee00000|  0%| F|  |TAMS 0x000000008ed00000, 0x000000008ed00000| Untracked 
|  96|0x000000008ee00000, 0x000000008ee00000, 0x000000008ef00000|  0%| F|  |TAMS 0x000000008ee00000, 0x000000008ee00000| Untracked 
|  97|0x000000008ef00000, 0x000000008ef00000, 0x000000008f000000|  0%| F|  |TAMS 0x000000008ef00000, 0x000000008ef00000| Untracked 
|  98|0x000000008f000000, 0x000000008f000000, 0x000000008f100000|  0%| F|  |TAMS 0x000000008f000000, 0x000000008f000000| Untracked 
|  99|0x000000008f100000, 0x000000008f100000, 0x000000008f200000|  0%| F|  |TAMS 0x000000008f100000, 0x000000008f100000| Untracked 
| 100|0x000000008f200000, 0x000000008f200000, 0x000000008f300000|  0%| F|  |TAMS 0x000000008f200000, 0x000000008f200000| Untracked 
| 101|0x000000008f300000, 0x000000008f300000, 0x000000008f400000|  0%| F|  |TAMS 0x000000008f300000, 0x000000008f300000| Untracked 
| 102|0x000000008f400000, 0x000000008f400000, 0x000000008f500000|  0%| F|  |TAMS 0x000000008f400000, 0x000000008f400000| Untracked 
| 103|0x000000008f500000, 0x000000008f500000, 0x000000008f600000|  0%| F|  |TAMS 0x000000008f500000, 0x000000008f500000| Untracked 
| 104|0x000000008f600000, 0x000000008f600000, 0x000000008f700000|  0%| F|  |TAMS 0x000000008f600000, 0x000000008f600000| Untracked 
| 105|0x000000008f700000, 0x000000008f700000, 0x000000008f800000|  0%| F|  |TAMS 0x000000008f700000, 0x000000008f700000| Untracked 
| 106|0x000000008f800000, 0x000000008f800000, 0x000000008f900000|  0%| F|  |TAMS 0x000000008f800000, 0x000000008f800000| Untracked 
| 107|0x000000008f900000, 0x000000008f900000, 0x000000008fa00000|  0%| F|  |TAMS 0x000000008f900000, 0x000000008f900000| Untracked 
| 108|0x000000008fa00000, 0x000000008fa00000, 0x000000008fb00000|  0%| F|  |TAMS 0x000000008fa00000, 0x000000008fa00000| Untracked 
| 109|0x000000008fb00000, 0x000000008fb00000, 0x000000008fc00000|  0%| F|  |TAMS 0x000000008fb00000, 0x000000008fb00000| Untracked 
| 110|0x000000008fc00000, 0x000000008fc00000, 0x000000008fd00000|  0%| F|  |TAMS 0x000000008fc00000, 0x000000008fc00000| Untracked 
| 111|0x000000008fd00000, 0x000000008fd00000, 0x000000008fe00000|  0%| F|  |TAMS 0x000000008fd00000, 0x000000008fd00000| Untracked 
| 112|0x000000008fe00000, 0x000000008fe00000, 0x000000008ff00000|  0%| F|  |TAMS 0x000000008fe00000, 0x000000008fe00000| Untracked 
| 113|0x000000008ff00000, 0x000000008ff00000, 0x0000000090000000|  0%| F|  |TAMS 0x000000008ff00000, 0x000000008ff00000| Untracked 
| 114|0x0000000090000000, 0x0000000090000000, 0x0000000090100000|  0%| F|  |TAMS 0x0000000090000000, 0x0000000090000000| Untracked 
| 115|0x0000000090100000, 0x0000000090100000, 0x0000000090200000|  0%| F|  |TAMS 0x0000000090100000, 0x0000000090100000| Untracked 
| 116|0x0000000090200000, 0x0000000090200000, 0x0000000090300000|  0%| F|  |TAMS 0x0000000090200000, 0x0000000090200000| Untracked 
| 117|0x0000000090300000, 0x0000000090300000, 0x0000000090400000|  0%| F|  |TAMS 0x0000000090300000, 0x0000000090300000| Untracked 
| 118|0x0000000090400000, 0x0000000090400000, 0x0000000090500000|  0%| F|  |TAMS 0x0000000090400000, 0x0000000090400000| Untracked 
| 119|0x0000000090500000, 0x0000000090500000, 0x0000000090600000|  0%| F|  |TAMS 0x0000000090500000, 0x0000000090500000| Untracked 
| 120|0x0000000090600000, 0x0000000090600000, 0x0000000090700000|  0%| F|  |TAMS 0x0000000090600000, 0x0000000090600000| Untracked 
| 121|0x0000000090700000, 0x0000000090700000, 0x0000000090800000|  0%| F|  |TAMS 0x0000000090700000, 0x0000000090700000| Untracked 
| 122|0x0000000090800000, 0x0000000090800000, 0x0000000090900000|  0%| F|  |TAMS 0x0000000090800000, 0x0000000090800000| Untracked 
| 123|0x0000000090900000, 0x0000000090900000, 0x0000000090a00000|  0%| F|  |TAMS 0x0000000090900000, 0x0000000090900000| Untracked 
| 124|0x0000000090a00000, 0x0000000090a00000, 0x0000000090b00000|  0%| F|  |TAMS 0x0000000090a00000, 0x0000000090a00000| Untracked 
| 125|0x0000000090b00000, 0x0000000090b00000, 0x0000000090c00000|  0%| F|  |TAMS 0x0000000090b00000, 0x0000000090b00000| Untracked 
| 126|0x0000000090c00000, 0x0000000090c00000, 0x0000000090d00000|  0%| F|  |TAMS 0x0000000090c00000, 0x0000000090c00000| Untracked 
| 127|0x0000000090d00000, 0x0000000090d00000, 0x0000000090e00000|  0%| F|  |TAMS 0x0000000090d00000, 0x0000000090d00000| Untracked 
| 128|0x0000000090e00000, 0x0000000090e00000, 0x0000000090f00000|  0%| F|  |TAMS 0x0000000090e00000, 0x0000000090e00000| Untracked 
| 129|0x0000000090f00000, 0x0000000090f00000, 0x0000000091000000|  0%| F|  |TAMS 0x0000000090f00000, 0x0000000090f00000| Untracked 
| 130|0x0000000091000000, 0x0000000091000000, 0x0000000091100000|  0%| F|  |TAMS 0x0000000091000000, 0x0000000091000000| Untracked 
| 131|0x0000000091100000, 0x0000000091100000, 0x0000000091200000|  0%| F|  |TAMS 0x0000000091100000, 0x0000000091100000| Untracked 
| 132|0x0000000091200000, 0x0000000091200000, 0x0000000091300000|  0%| F|  |TAMS 0x0000000091200000, 0x0000000091200000| Untracked 
| 133|0x0000000091300000, 0x0000000091300000, 0x0000000091400000|  0%| F|  |TAMS 0x0000000091300000, 0x0000000091300000| Untracked 
| 134|0x0000000091400000, 0x0000000091400000, 0x0000000091500000|  0%| F|  |TAMS 0x0000000091400000, 0x0000000091400000| Untracked 
| 135|0x0000000091500000, 0x0000000091500000, 0x0000000091600000|  0%| F|  |TAMS 0x0000000091500000, 0x0000000091500000| Untracked 
| 136|0x0000000091600000, 0x0000000091600000, 0x0000000091700000|  0%| F|  |TAMS 0x0000000091600000, 0x0000000091600000| Untracked 
| 137|0x0000000091700000, 0x0000000091700000, 0x0000000091800000|  0%| F|  |TAMS 0x0000000091700000, 0x0000000091700000| Untracked 
| 138|0x0000000091800000, 0x0000000091800000, 0x0000000091900000|  0%| F|  |TAMS 0x0000000091800000, 0x0000000091800000| Untracked 
| 139|0x0000000091900000, 0x0000000091900000, 0x0000000091a00000|  0%| F|  |TAMS 0x0000000091900000, 0x0000000091900000| Untracked 
| 140|0x0000000091a00000, 0x0000000091a00000, 0x0000000091b00000|  0%| F|  |TAMS 0x0000000091a00000, 0x0000000091a00000| Untracked 
| 141|0x0000000091b00000, 0x0000000091b00000, 0x0000000091c00000|  0%| F|  |TAMS 0x0000000091b00000, 0x0000000091b00000| Untracked 
| 142|0x0000000091c00000, 0x0000000091c00000, 0x0000000091d00000|  0%| F|  |TAMS 0x0000000091c00000, 0x0000000091c00000| Untracked 
| 143|0x0000000091d00000, 0x0000000091d00000, 0x0000000091e00000|  0%| F|  |TAMS 0x0000000091d00000, 0x0000000091d00000| Untracked 
| 144|0x0000000091e00000, 0x0000000091e00000, 0x0000000091f00000|  0%| F|  |TAMS 0x0000000091e00000, 0x0000000091e00000| Untracked 
| 145|0x0000000091f00000, 0x0000000091f00000, 0x0000000092000000|  0%| F|  |TAMS 0x0000000091f00000, 0x0000000091f00000| Untracked 
| 146|0x0000000092000000, 0x0000000092000000, 0x0000000092100000|  0%| F|  |TAMS 0x0000000092000000, 0x0000000092000000| Untracked 
| 147|0x0000000092100000, 0x0000000092100000, 0x0000000092200000|  0%| F|  |TAMS 0x0000000092100000, 0x0000000092100000| Untracked 
| 148|0x0000000092200000, 0x0000000092200000, 0x0000000092300000|  0%| F|  |TAMS 0x0000000092200000, 0x0000000092200000| Untracked 
| 149|0x0000000092300000, 0x0000000092300000, 0x0000000092400000|  0%| F|  |TAMS 0x0000000092300000, 0x0000000092300000| Untracked 
| 150|0x0000000092400000, 0x0000000092400000, 0x0000000092500000|  0%| F|  |TAMS 0x0000000092400000, 0x0000000092400000| Untracked 
| 151|0x0000000092500000, 0x0000000092580800, 0x0000000092600000| 50%| E|  |TAMS 0x0000000092500000, 0x0000000092500000| Complete 
| 152|0x0000000092600000, 0x0000000092700000, 0x0000000092700000|100%| E|CS|TAMS 0x0000000092600000, 0x0000000092600000| Complete 
| 153|0x0000000092700000, 0x0000000092800000, 0x0000000092800000|100%| E|CS|TAMS 0x0000000092700000, 0x0000000092700000| Complete 
| 154|0x0000000092800000, 0x0000000092900000, 0x0000000092900000|100%| E|CS|TAMS 0x0000000092800000, 0x0000000092800000| Complete 
| 155|0x0000000092900000, 0x0000000092a00000, 0x0000000092a00000|100%| E|CS|TAMS 0x0000000092900000, 0x0000000092900000| Complete 
| 156|0x0000000092a00000, 0x0000000092b00000, 0x0000000092b00000|100%| E|CS|TAMS 0x0000000092a00000, 0x0000000092a00000| Complete 
| 157|0x0000000092b00000, 0x0000000092c00000, 0x0000000092c00000|100%| E|CS|TAMS 0x0000000092b00000, 0x0000000092b00000| Complete 
| 158|0x0000000092c00000, 0x0000000092d00000, 0x0000000092d00000|100%| E|CS|TAMS 0x0000000092c00000, 0x0000000092c00000| Complete 
| 159|0x0000000092d00000, 0x0000000092e00000, 0x0000000092e00000|100%| E|CS|TAMS 0x0000000092d00000, 0x0000000092d00000| Complete 
| 160|0x0000000092e00000, 0x0000000092f00000, 0x0000000092f00000|100%| E|CS|TAMS 0x0000000092e00000, 0x0000000092e00000| Complete 
| 161|0x0000000092f00000, 0x0000000093000000, 0x0000000093000000|100%| E|CS|TAMS 0x0000000092f00000, 0x0000000092f00000| Complete 
| 162|0x0000000093000000, 0x0000000093100000, 0x0000000093100000|100%| E|CS|TAMS 0x0000000093000000, 0x0000000093000000| Complete 
| 163|0x0000000093100000, 0x0000000093200000, 0x0000000093200000|100%| E|CS|TAMS 0x0000000093100000, 0x0000000093100000| Complete 
| 164|0x0000000093200000, 0x0000000093300000, 0x0000000093300000|100%| E|CS|TAMS 0x0000000093200000, 0x0000000093200000| Complete 
| 165|0x0000000093300000, 0x0000000093400000, 0x0000000093400000|100%| E|CS|TAMS 0x0000000093300000, 0x0000000093300000| Complete 
| 166|0x0000000093400000, 0x0000000093500000, 0x0000000093500000|100%| E|CS|TAMS 0x0000000093400000, 0x0000000093400000| Complete 
| 167|0x0000000093500000, 0x0000000093600000, 0x0000000093600000|100%| E|CS|TAMS 0x0000000093500000, 0x0000000093500000| Complete 
| 168|0x0000000093600000, 0x0000000093700000, 0x0000000093700000|100%| E|CS|TAMS 0x0000000093600000, 0x0000000093600000| Complete 
| 169|0x0000000093700000, 0x0000000093800000, 0x0000000093800000|100%| E|CS|TAMS 0x0000000093700000, 0x0000000093700000| Complete 
| 170|0x0000000093800000, 0x0000000093900000, 0x0000000093900000|100%| E|CS|TAMS 0x0000000093800000, 0x0000000093800000| Complete 
| 171|0x0000000093900000, 0x0000000093a00000, 0x0000000093a00000|100%| E|CS|TAMS 0x0000000093900000, 0x0000000093900000| Complete 
| 172|0x0000000093a00000, 0x0000000093b00000, 0x0000000093b00000|100%| E|CS|TAMS 0x0000000093a00000, 0x0000000093a00000| Complete 
| 173|0x0000000093b00000, 0x0000000093c00000, 0x0000000093c00000|100%| E|CS|TAMS 0x0000000093b00000, 0x0000000093b00000| Complete 
| 174|0x0000000093c00000, 0x0000000093d00000, 0x0000000093d00000|100%| E|CS|TAMS 0x0000000093c00000, 0x0000000093c00000| Complete 
| 175|0x0000000093d00000, 0x0000000093e00000, 0x0000000093e00000|100%| E|CS|TAMS 0x0000000093d00000, 0x0000000093d00000| Complete 
| 176|0x0000000093e00000, 0x0000000093f00000, 0x0000000093f00000|100%| E|CS|TAMS 0x0000000093e00000, 0x0000000093e00000| Complete 
| 177|0x0000000093f00000, 0x0000000094000000, 0x0000000094000000|100%| E|CS|TAMS 0x0000000093f00000, 0x0000000093f00000| Complete 
| 178|0x0000000094000000, 0x0000000094100000, 0x0000000094100000|100%| E|CS|TAMS 0x0000000094000000, 0x0000000094000000| Complete 
| 179|0x0000000094100000, 0x0000000094200000, 0x0000000094200000|100%| E|CS|TAMS 0x0000000094100000, 0x0000000094100000| Complete 
| 180|0x0000000094200000, 0x0000000094300000, 0x0000000094300000|100%| E|CS|TAMS 0x0000000094200000, 0x0000000094200000| Complete 
| 181|0x0000000094300000, 0x0000000094400000, 0x0000000094400000|100%| E|CS|TAMS 0x0000000094300000, 0x0000000094300000| Complete 
|1904|0x00000000ffe00000, 0x00000000ffe47000, 0x00000000fff00000| 27%|OA|  |TAMS 0x00000000ffe47000, 0x00000000ffe00000| Untracked 
|1905|0x00000000fff00000, 0x00000000fff6a000, 0x0000000100000000| 41%|CA|  |TAMS 0x00000000fff6a000, 0x00000000fff00000| Untracked 

Card table byte_map: [0x00007f8bd0cf8000,0x00007f8bd10b1000] _byte_map_base: 0x00007f8bd08b1000

Marking Bits (Prev, Next): (CMBitMap*) 0x00007f8bcc059880, (CMBitMap*) 0x00007f8bcc059848
 Prev Bits: [0x00007f8bac470000, 0x00007f8bae238000)
 Next Bits: [0x00007f8bae238000, 0x00007f8bb0000000)

Polling page: 0x00007f8bd61ec000

Metaspace:

Usage:
  Non-class:     54,44 MB capacity,    53,61 MB ( 98%) used,   651,71 KB (  1%) free+waste,   195,81 KB ( <1%) overhead. 
      Class:      8,70 MB capacity,     8,09 MB ( 93%) used,   530,82 KB (  6%) free+waste,    90,38 KB (  1%) overhead. 
       Both:     63,14 MB capacity,    61,71 MB ( 98%) used,     1,15 MB (  2%) free+waste,   286,19 KB ( <1%) overhead. 

Virtual space:
  Non-class space:       56,00 MB reserved,      54,51 MB ( 97%) committed 
      Class space:        1,00 GB reserved,       8,75 MB ( <1%) committed 
             Both:        1,05 GB reserved,      63,26 MB (  6%) committed 

Chunk freelists:
   Non-Class:  37,00 KB
       Class:  18,00 KB
        Both:  55,00 KB

MaxMetaspaceSize: unlimited
CompressedClassSpaceSize: 1,00 GB

CodeHeap 'non-profiled nmethods': size=120032Kb used=3910Kb max_used=3910Kb free=116121Kb
 bounds [0x00007f8bbc3d8000, 0x00007f8bbc7b8000, 0x00007f8bc3910000]
CodeHeap 'profiled nmethods': size=120028Kb used=12793Kb max_used=12793Kb free=107234Kb
 bounds [0x00007f8bb4ea1000, 0x00007f8bb5b21000, 0x00007f8bbc3d8000]
CodeHeap 'non-nmethods': size=5700Kb used=1307Kb max_used=1378Kb free=4392Kb
 bounds [0x00007f8bb4910000, 0x00007f8bb4b80000, 0x00007f8bb4ea1000]
 total_blobs=7544 nmethods=5570 adapters=534
 compilation: enabled
              stopped_count=0, restarted_count=0
 full_count=0

Compilation events (20 events):
Event: 103,543 Thread 0x00007f8bcc192000 5645       2       sun.security.jca.ProviderList$ServiceList$1::next (5 bytes)
Event: 103,543 Thread 0x00007f8bcc192000 nmethod 5645 0x00007f8bb5b17990 code [0x00007f8bb5b17b40, 0x00007f8bb5b17ce8]
Event: 103,543 Thread 0x00007f8bcc192000 5646       2       sun.security.jca.ProviderList$ServiceList$1::next (36 bytes)
Event: 103,543 Thread 0x00007f8bcc192000 nmethod 5646 0x00007f8bb5b17d90 code [0x00007f8bb5b17f60, 0x00007f8bb5b181f8]
Event: 103,543 Thread 0x00007f8bcc192000 5648   !   2       java.security.Provider$Service::newInstance (379 bytes)
Event: 103,547 Thread 0x00007f8bcc192000 nmethod 5648 0x00007f8bb5b18310 code [0x00007f8bb5b18840, 0x00007f8bb5b1a158]
Event: 103,547 Thread 0x00007f8bcc192000 5649   !   2       java.security.Provider$Service::getImplClass (186 bytes)
Event: 103,549 Thread 0x00007f8bcc192000 nmethod 5649 0x00007f8bb5b1b990 code [0x00007f8bb5b1bd00, 0x00007f8bb5b1cc08]
Event: 103,549 Thread 0x00007f8bcc192000 5651       1       org.hibernate.internal.SessionFactoryImpl::isClosed (5 bytes)
Event: 103,549 Thread 0x00007f8bcc192000 nmethod 5651 0x00007f8bbc7a8b90 code [0x00007f8bbc7a8d40, 0x00007f8bbc7a8e70]
Event: 103,549 Thread 0x00007f8bcc192000 5654       2       org.springframework.cglib.core.CodeEmitter::box (89 bytes)
Event: 103,550 Thread 0x00007f8bcc192000 nmethod 5654 0x00007f8bb5b1d810 code [0x00007f8bb5b1daa0, 0x00007f8bb5b1e168]
Event: 103,550 Thread 0x00007f8bcc192000 5650       2       java.util.Hashtable$Enumerator::nextElement (111 bytes)
Event: 103,550 Thread 0x00007f8bcc192000 nmethod 5650 0x00007f8bb5b1e590 code [0x00007f8bb5b1e780, 0x00007f8bb5b1ebe8]
Event: 103,551 Thread 0x00007f8bcc192000 5656       2       java.lang.Class::getComponentType (14 bytes)
Event: 103,551 Thread 0x00007f8bcc192000 nmethod 5656 0x00007f8bb5b1ed90 code [0x00007f8bb5b1ef40, 0x00007f8bb5b1f108]
Event: 103,557 Thread 0x00007f8bcc192000 5657       2       org.postgresql.core.Parser::isIdentifierStartChar (5 bytes)
Event: 103,557 Thread 0x00007f8bcc192000 nmethod 5657 0x00007f8bb5b1f190 code [0x00007f8bb5b1f360, 0x00007f8bb5b1f4f8]
Event: 103,589 Thread 0x00007f8bcc192000 5663       2       java.nio.CharBuffer::array (35 bytes)
Event: 103,589 Thread 0x00007f8bcc192000 nmethod 5663 0x00007f8bb5b1f610 code [0x00007f8bb5b1f800, 0x00007f8bb5b1fad8]

GC Heap History (18 events):
Event: 0,809 GC heap before
{Heap before GC invocations=0 (full 0):
 garbage-first heap   total 124928K, used 25284K [0x0000000088e00000, 0x0000000100000000)
  region size 1024K, 24 young (24576K), 0 survivors (0K)
 Metaspace       used 4820K, capacity 7002K, committed 7168K, reserved 1056768K
  class space    used 553K, capacity 767K, committed 768K, reserved 1048576K
}
Event: 0,827 GC heap after
{Heap after GC invocations=1 (full 0):
 garbage-first heap   total 124928K, used 7698K [0x0000000088e00000, 0x0000000100000000)
  region size 1024K, 3 young (3072K), 3 survivors (3072K)
 Metaspace       used 4820K, capacity 7002K, committed 7168K, reserved 1056768K
  class space    used 553K, capacity 767K, committed 768K, reserved 1048576K
}
Event: 1,138 GC heap before
{Heap before GC invocations=1 (full 0):
 garbage-first heap   total 124928K, used 35346K [0x0000000088e00000, 0x0000000100000000)
  region size 1024K, 30 young (30720K), 3 survivors (3072K)
 Metaspace       used 9490K, capacity 10421K, committed 10752K, reserved 1058816K
  class space    used 1275K, capacity 1416K, committed 1536K, reserved 1048576K
}
Event: 1,153 GC heap after
{Heap after GC invocations=2 (full 0):
 garbage-first heap   total 124928K, used 8768K [0x0000000088e00000, 0x0000000100000000)
  region size 1024K, 2 young (2048K), 2 survivors (2048K)
 Metaspace       used 9490K, capacity 10421K, committed 10752K, reserved 1058816K
  class space    used 1275K, capacity 1416K, committed 1536K, reserved 1048576K
}
Event: 1,804 GC heap before
{Heap before GC invocations=2 (full 0):
 garbage-first heap   total 124928K, used 48704K [0x0000000088e00000, 0x0000000100000000)
  region size 1024K, 42 young (43008K), 2 survivors (2048K)
 Metaspace       used 16932K, capacity 17486K, committed 17792K, reserved 1064960K
  class space    used 2170K, capacity 2388K, committed 2432K, reserved 1048576K
}
Event: 1,812 GC heap after
{Heap after GC invocations=3 (full 0):
 garbage-first heap   total 124928K, used 9880K [0x0000000088e00000, 0x0000000100000000)
  region size 1024K, 3 young (3072K), 3 survivors (3072K)
 Metaspace       used 16932K, capacity 17486K, committed 17792K, reserved 1064960K
  class space    used 2170K, capacity 2388K, committed 2432K, reserved 1048576K
}
Event: 2,337 GC heap before
{Heap before GC invocations=3 (full 0):
 garbage-first heap   total 124928K, used 70296K [0x0000000088e00000, 0x0000000100000000)
  region size 1024K, 63 young (64512K), 3 survivors (3072K)
 Metaspace       used 19352K, capacity 19949K, committed 20224K, reserved 1067008K
  class space    used 2467K, capacity 2696K, committed 2816K, reserved 1048576K
}
Event: 2,348 GC heap after
{Heap after GC invocations=4 (full 0):
 garbage-first heap   total 124928K, used 11320K [0x0000000088e00000, 0x0000000100000000)
  region size 1024K, 4 young (4096K), 4 survivors (4096K)
 Metaspace       used 19352K, capacity 19949K, committed 20224K, reserved 1067008K
  class space    used 2467K, capacity 2696K, committed 2816K, reserved 1048576K
}
Event: 2,531 GC heap before
{Heap before GC invocations=4 (full 0):
 garbage-first heap   total 124928K, used 25656K [0x0000000088e00000, 0x0000000100000000)
  region size 1024K, 20 young (20480K), 4 survivors (4096K)
 Metaspace       used 20566K, capacity 21176K, committed 21296K, reserved 1067008K
  class space    used 2611K, capacity 2844K, committed 2944K, reserved 1048576K
}
Event: 2,542 GC heap after
{Heap after GC invocations=5 (full 0):
 garbage-first heap   total 154624K, used 12131K [0x0000000088e00000, 0x0000000100000000)
  region size 1024K, 5 young (5120K), 5 survivors (5120K)
 Metaspace       used 20566K, capacity 21176K, committed 21296K, reserved 1067008K
  class space    used 2611K, capacity 2844K, committed 2944K, reserved 1048576K
}
Event: 3,597 GC heap before
{Heap before GC invocations=6 (full 0):
 garbage-first heap   total 154624K, used 79715K [0x0000000088e00000, 0x0000000100000000)
  region size 1024K, 72 young (73728K), 5 survivors (5120K)
 Metaspace       used 28204K, capacity 29101K, committed 29232K, reserved 1075200K
  class space    used 3562K, capacity 3941K, committed 3968K, reserved 1048576K
}
Event: 3,609 GC heap after
{Heap after GC invocations=7 (full 0):
 garbage-first heap   total 154624K, used 15067K [0x0000000088e00000, 0x0000000100000000)
  region size 1024K, 8 young (8192K), 8 survivors (8192K)
 Metaspace       used 28204K, capacity 29101K, committed 29232K, reserved 1075200K
  class space    used 3562K, capacity 3941K, committed 3968K, reserved 1048576K
}
Event: 4,343 GC heap before
{Heap before GC invocations=7 (full 0):
 garbage-first heap   total 154624K, used 86747K [0x0000000088e00000, 0x0000000100000000)
  region size 1024K, 80 young (81920K), 8 survivors (8192K)
 Metaspace       used 34651K, capacity 35604K, committed 35920K, reserved 1081344K
  class space    used 4606K, capacity 4997K, committed 5120K, reserved 1048576K
}
Event: 4,367 GC heap after
{Heap after GC invocations=8 (full 0):
 garbage-first heap   total 154624K, used 16834K [0x0000000088e00000, 0x0000000100000000)
  region size 1024K, 7 young (7168K), 7 survivors (7168K)
 Metaspace       used 34651K, capacity 35604K, committed 35920K, reserved 1081344K
  class space    used 4606K, capacity 4997K, committed 5120K, reserved 1048576K
}
Event: 5,881 GC heap before
{Heap before GC invocations=9 (full 0):
 garbage-first heap   total 154624K, used 100802K [0x0000000088e00000, 0x0000000100000000)
  region size 1024K, 90 young (92160K), 7 survivors (7168K)
 Metaspace       used 51013K, capacity 52145K, committed 52688K, reserved 1095680K
  class space    used 6791K, capacity 7239K, committed 7296K, reserved 1048576K
}
Event: 5,898 GC heap after
{Heap after GC invocations=10 (full 0):
 garbage-first heap   total 154624K, used 20623K [0x0000000088e00000, 0x0000000100000000)
  region size 1024K, 10 young (10240K), 10 survivors (10240K)
 Metaspace       used 51013K, capacity 52145K, committed 52688K, reserved 1095680K
  class space    used 6791K, capacity 7239K, committed 7296K, reserved 1048576K
}
Event: 7,156 GC heap before
{Heap before GC invocations=10 (full 0):
 garbage-first heap   total 154624K, used 100495K [0x0000000088e00000, 0x0000000100000000)
  region size 1024K, 89 young (91136K), 10 survivors (10240K)
 Metaspace       used 58867K, capacity 60282K, committed 60296K, reserved 1101824K
  class space    used 7747K, capacity 8320K, committed 8320K, reserved 1048576K
}
Event: 7,175 GC heap after
{Heap after GC invocations=11 (full 0):
 garbage-first heap   total 188416K, used 25877K [0x0000000088e00000, 0x0000000100000000)
  region size 1024K, 11 young (11264K), 11 survivors (11264K)
 Metaspace       used 58867K, capacity 60282K, committed 60296K, reserved 1101824K
  class space    used 7747K, capacity 8320K, committed 8320K, reserved 1048576K
}

Deoptimization events (20 events):
Event: 103,551 Thread 0x00007f8bce31c000 Uncommon trap: trap_request=0xffffffde fr.pc=0x00007f8bbc458dc0 relative=0x0000000000001c40
Event: 103,551 Thread 0x00007f8bce31c000 Uncommon trap: reason=class_check action=maybe_recompile pc=0x00007f8bbc458dc0 method=java.lang.invoke.LambdaForm$Name.replaceNames([Ljava/lang/invoke/LambdaForm$Name;[Ljava/lang/invoke/LambdaForm$Name;II)Ljava/lang/invoke/LambdaForm$Name; @ 33 c2
Event: 103,551 Thread 0x00007f8bce31c000 DEOPT PACKING pc=0x00007f8bbc458dc0 sp=0x00007f8b503404c0
Event: 103,551 Thread 0x00007f8bce31c000 DEOPT UNPACKING pc=0x00007f8bb4949225 sp=0x00007f8b503404e0 mode 2
Event: 103,552 Thread 0x00007f8bce31c000 Uncommon trap: trap_request=0xffffffde fr.pc=0x00007f8bbc5441e0 relative=0x0000000000000040
Event: 103,552 Thread 0x00007f8bce31c000 Uncommon trap: reason=class_check action=maybe_recompile pc=0x00007f8bbc5441e0 method=java.lang.invoke.DirectMethodHandle.internalMemberName(Ljava/lang/Object;)Ljava/lang/Object; @ 1 c2
Event: 103,552 Thread 0x00007f8bce31c000 DEOPT PACKING pc=0x00007f8bbc5441e0 sp=0x00007f8b50340650
Event: 103,552 Thread 0x00007f8bce31c000 DEOPT UNPACKING pc=0x00007f8bb4949225 sp=0x00007f8b50340610 mode 2
Event: 103,552 Thread 0x00007f8bce31c000 DEOPT PACKING pc=0x00007f8bb541f26c sp=0x00007f8b5033fda0
Event: 103,552 Thread 0x00007f8bce31c000 DEOPT UNPACKING pc=0x00007f8bb494903a sp=0x00007f8b5033f2e0 mode 1
Event: 103,552 Thread 0x00007f8bce31c000 DEOPT PACKING pc=0x00007f8bb5583f6c sp=0x00007f8b5033fe80
Event: 103,552 Thread 0x00007f8bce31c000 DEOPT UNPACKING pc=0x00007f8bb494903a sp=0x00007f8b5033f370 mode 1
Event: 103,568 Thread 0x00007f8bce31c000 Uncommon trap: trap_request=0xffffffc6 fr.pc=0x00007f8bbc718088 relative=0x0000000000000ca8
Event: 103,568 Thread 0x00007f8bce31c000 Uncommon trap: reason=bimorphic_or_optimized_type_check action=maybe_recompile pc=0x00007f8bbc718088 method=java.util.AbstractCollection.containsAll(Ljava/util/Collection;)Z @ 25 c2
Event: 103,568 Thread 0x00007f8bce31c000 DEOPT PACKING pc=0x00007f8bbc718088 sp=0x00007f8b50340ce0
Event: 103,568 Thread 0x00007f8bce31c000 DEOPT UNPACKING pc=0x00007f8bb4949225 sp=0x00007f8b50340d08 mode 2
Event: 103,569 Thread 0x00007f8bce31c000 Uncommon trap: trap_request=0xffffff4d fr.pc=0x00007f8bbc6291e8 relative=0x0000000000000228
Event: 103,569 Thread 0x00007f8bce31c000 Uncommon trap: reason=unstable_if action=reinterpret pc=0x00007f8bbc6291e8 method=java.lang.StringCoding.encodeUTF8(B[BZ)[B @ 2 c2
Event: 103,569 Thread 0x00007f8bce31c000 DEOPT PACKING pc=0x00007f8bbc6291e8 sp=0x00007f8b50340570
Event: 103,569 Thread 0x00007f8bce31c000 DEOPT UNPACKING pc=0x00007f8bb4949225 sp=0x00007f8b50340528 mode 2

Classes redefined (0 events):
No events

Internal exceptions (20 events):
Event: 5,984 Thread 0x00007f8bcc019000 Exception <a 'java/lang/IncompatibleClassChangeError'{0x0000000091f3a9c0}: Found class java.lang.Object, but interface was expected> (0x0000000091f3a9c0) thrown at [/build/openjdk-lts-iuKaMP/openjdk-lts-11.0.6+10/src/hotspot/share/interpreter/linkResolver
Event: 6,090 Thread 0x00007f8bcc019000 Exception <a 'java/lang/NoSuchMethodError'{0x00000000917330b0}: 'java.lang.Object java.lang.invoke.Invokers$Holder.linkToTargetMethod(java.lang.Object, int, java.lang.Object)'> (0x00000000917330b0) thrown at [/build/openjdk-lts-iuKaMP/openjdk-lts-11.0.6+1
Event: 6,094 Thread 0x00007f8bcc019000 Exception <a 'java/lang/IncompatibleClassChangeError'{0x0000000091773b48}: Found class java.lang.Object, but interface was expected> (0x0000000091773b48) thrown at [/build/openjdk-lts-iuKaMP/openjdk-lts-11.0.6+10/src/hotspot/share/interpreter/linkResolver
Event: 6,792 Thread 0x00007f8bcc019000 Exception <a 'java/lang/NoSuchMethodError'{0x000000008e53fb98}: 'java.lang.Object java.lang.invoke.DirectMethodHandle$Holder.invokeInterface(java.lang.Object, java.lang.Object, java.lang.Object, java.lang.Object)'> (0x000000008e53fb98) thrown at [/build/o
Event: 6,827 Thread 0x00007f8bcc019000 Exception <a 'java/lang/ClassNotFoundException'{0x000000008e4bc7a0}: java/lang/ObjectCustomizer> (0x000000008e4bc7a0) thrown at [/build/openjdk-lts-iuKaMP/openjdk-lts-11.0.6+10/src/hotspot/share/classfile/systemDictionary.cpp, line 231]
Event: 6,828 Thread 0x00007f8bcc019000 Exception <a 'java/lang/ClassNotFoundException'{0x000000008e4d0998}: org/springframework/web/servlet/config/annotation/WebMvcConfigurationSupportCustomizer> (0x000000008e4d0998) thrown at [/build/openjdk-lts-iuKaMP/openjdk-lts-11.0.6+10/src/hotspot/share/
Event: 6,828 Thread 0x00007f8bcc019000 Exception <a 'java/lang/ClassNotFoundException'{0x000000008e4efa08}: org/springframework/web/servlet/config/annotation/DelegatingWebMvcConfigurationCustomizer> (0x000000008e4efa08) thrown at [/build/openjdk-lts-iuKaMP/openjdk-lts-11.0.6+10/src/hotspot/sha
Event: 6,829 Thread 0x00007f8bcc019000 Exception <a 'java/lang/ClassNotFoundException'{0x000000008e307ca0}: org/springframework/boot/autoconfigure/web/servlet/WebMvcAutoConfiguration$EnableWebMvcConfigurationCustomizer> (0x000000008e307ca0) thrown at [/build/openjdk-lts-iuKaMP/openjdk-lts-11.0
Event: 6,830 Thread 0x00007f8bcc019000 Exception <a 'java/lang/ClassNotFoundException'{0x000000008e3224b8}: org/springframework/context/ResourceLoaderAwareCustomizer> (0x000000008e3224b8) thrown at [/build/openjdk-lts-iuKaMP/openjdk-lts-11.0.6+10/src/hotspot/share/classfile/systemDictionary.cp
Event: 6,830 Thread 0x00007f8bcc019000 Exception <a 'java/lang/ClassNotFoundException'{0x000000008e32fa48}: org/springframework/beans/factory/AwareCustomizer> (0x000000008e32fa48) thrown at [/build/openjdk-lts-iuKaMP/openjdk-lts-11.0.6+10/src/hotspot/share/classfile/systemDictionary.cpp, line 
Event: 6,830 Thread 0x00007f8bcc019000 Exception <a 'java/lang/ClassNotFoundException'{0x000000008e33dc30}: org/springframework/context/ApplicationContextAwareCustomizer> (0x000000008e33dc30) thrown at [/build/openjdk-lts-iuKaMP/openjdk-lts-11.0.6+10/src/hotspot/share/classfile/systemDictionar
Event: 6,830 Thread 0x00007f8bcc019000 Exception <a 'java/lang/ClassNotFoundException'{0x000000008e34bb50}: org/springframework/beans/factory/AwareCustomizer> (0x000000008e34bb50) thrown at [/build/openjdk-lts-iuKaMP/openjdk-lts-11.0.6+10/src/hotspot/share/classfile/systemDictionary.cpp, line 
Event: 6,831 Thread 0x00007f8bcc019000 Exception <a 'java/lang/ClassNotFoundException'{0x000000008e359d10}: org/springframework/web/context/ServletContextAwareCustomizer> (0x000000008e359d10) thrown at [/build/openjdk-lts-iuKaMP/openjdk-lts-11.0.6+10/src/hotspot/share/classfile/systemDictionar
Event: 6,831 Thread 0x00007f8bcc019000 Exception <a 'java/lang/ClassNotFoundException'{0x000000008e367708}: org/springframework/beans/factory/AwareCustomizer> (0x000000008e367708) thrown at [/build/openjdk-lts-iuKaMP/openjdk-lts-11.0.6+10/src/hotspot/share/classfile/systemDictionary.cpp, line 
Event: 6,953 Thread 0x00007f8bcc019000 Exception <a 'java/lang/NoSuchMethodError'{0x000000008de683f8}: 'void java.lang.invoke.DirectMethodHandle$Holder.invokeVirtual(java.lang.Object, java.lang.Object, int)'> (0x000000008de683f8) thrown at [/build/openjdk-lts-iuKaMP/openjdk-lts-11.0.6+10/src/h
Event: 7,059 Thread 0x00007f8bcc019000 Exception <a 'java/lang/IncompatibleClassChangeError'{0x000000008d823308}: Found class java.lang.Object, but interface was expected> (0x000000008d823308) thrown at [/build/openjdk-lts-iuKaMP/openjdk-lts-11.0.6+10/src/hotspot/share/interpreter/linkResolver
Event: 103,414 Thread 0x00007f8bce31c000 Exception <a 'java/lang/NoSuchMethodError'{0x00000000931f1670}: 'java.lang.Object java.lang.invoke.DirectMethodHandle$Holder.invokeSpecialIFC(java.lang.Object, java.lang.Object, int)'> (0x00000000931f1670) thrown at [/build/openjdk-lts-iuKaMP/openjdk-lts-
Event: 103,414 Thread 0x00007f8bce31c000 Exception <a 'java/lang/NoSuchMethodError'{0x00000000931f7af8}: 'java.lang.Object java.lang.invoke.Invokers$Holder.invoker(java.lang.Object, java.lang.Object, java.lang.Object)'> (0x00000000931f7af8) thrown at [/build/openjdk-lts-iuKaMP/openjdk-lts-11.0.6
Event: 103,417 Thread 0x00007f8bce31c000 Exception <a 'java/lang/NoSuchMethodError'{0x000000009300ba08}: 'void java.lang.invoke.DelegatingMethodHandle$Holder.delegate(java.lang.Object, java.lang.Object, int, java.lang.Object)'> (0x000000009300ba08) thrown at [/build/openjdk-lts-iuKaMP/openjdk-lt
Event: 103,563 Thread 0x00007f8bce31c000 Exception <a 'java/lang/NoSuchMethodError'{0x0000000092803288}: 'java.lang.Object java.lang.invoke.DirectMethodHandle$Holder.invokeStatic(java.lang.Object, long)'> (0x0000000092803288) thrown at [/build/openjdk-lts-iuKaMP/openjdk-lts-11.0.6+10/src/hotspot

Events (20 events):
Event: 103,611 Executing VM operation: RevokeBias
Event: 103,611 Executing VM operation: RevokeBias done
Event: 103,611 Executing VM operation: RevokeBias
Event: 103,611 Executing VM operation: RevokeBias done
Event: 103,611 Executing VM operation: BulkRevokeBias
Event: 103,611 Executing VM operation: BulkRevokeBias done
Event: 103,611 loading class org/apache/http/impl/conn/Wire
Event: 103,611 loading class org/apache/http/impl/conn/Wire done
Event: 103,612 loading class org/apache/http/impl/conn/CPoolProxy
Event: 103,612 loading class org/apache/http/impl/conn/CPoolProxy done
Event: 103,613 loading class org/apache/http/impl/execchain/ConnectionHolder
Event: 103,613 loading class org/apache/http/impl/execchain/ConnectionHolder done
Event: 103,613 loading class org/apache/http/conn/ConnectionReleaseTrigger
Event: 103,613 loading class org/apache/http/conn/ConnectionReleaseTrigger done
Event: 103,614 loading class org/apache/http/conn/routing/RouteTracker
Event: 103,614 loading class org/apache/http/conn/routing/RouteTracker done
Event: 103,615 loading class org/apache/http/config/SocketConfig
Event: 103,615 loading class org/apache/http/config/SocketConfig done
Event: 103,615 loading class org/apache/http/config/SocketConfig$Builder
Event: 103,615 loading class org/apache/http/config/SocketConfig$Builder done


Dynamic libraries:
88e00000-94400000 rw-p 00000000 00:00 0 
94400000-ffe00000 ---p 00000000 00:00 0 
ffe00000-ffe47000 rw-p 01105000 103:01 5772112                           /usr/lib/jvm/java-11-openjdk-amd64/lib/server/classes.jsa
ffe47000-fff00000 rw-p 00000000 00:00 0 
fff00000-fff6a000 rw-p 0109b000 103:01 5772112                           /usr/lib/jvm/java-11-openjdk-amd64/lib/server/classes.jsa
fff6a000-100000000 rw-p 00000000 00:00 0 
800000000-800002000 rwxp 00001000 103:01 5772112                         /usr/lib/jvm/java-11-openjdk-amd64/lib/server/classes.jsa
800002000-80109a000 rw-p 00003000 103:01 5772112                         /usr/lib/jvm/java-11-openjdk-amd64/lib/server/classes.jsa
840000000-8408c0000 rw-p 00000000 00:00 0 
8408c0000-880000000 ---p 00000000 00:00 0 
5568c2c60000-5568c2c61000 r-xp 00000000 103:01 5776537                   /usr/lib/jvm/java-11-openjdk-amd64/bin/java
5568c2e61000-5568c2e62000 r--p 00001000 103:01 5776537                   /usr/lib/jvm/java-11-openjdk-amd64/bin/java
5568c2e62000-5568c2e63000 rw-p 00002000 103:01 5776537                   /usr/lib/jvm/java-11-openjdk-amd64/bin/java
5568c49ff000-5568c4a20000 rw-p 00000000 00:00 0                          [heap]
7f8af0000000-7f8af0021000 rw-p 00000000 00:00 0 
7f8af0021000-7f8af4000000 ---p 00000000 00:00 0 
7f8af8000000-7f8af8021000 rw-p 00000000 00:00 0 
7f8af8021000-7f8afc000000 ---p 00000000 00:00 0 
7f8afc000000-7f8afc021000 rw-p 00000000 00:00 0 
7f8afc021000-7f8b00000000 ---p 00000000 00:00 0 
7f8b00000000-7f8b00021000 rw-p 00000000 00:00 0 
7f8b00021000-7f8b04000000 ---p 00000000 00:00 0 
7f8b04000000-7f8b04021000 rw-p 00000000 00:00 0 
7f8b04021000-7f8b08000000 ---p 00000000 00:00 0 
7f8b08000000-7f8b08021000 rw-p 00000000 00:00 0 
7f8b08021000-7f8b0c000000 ---p 00000000 00:00 0 
7f8b0c000000-7f8b0c021000 rw-p 00000000 00:00 0 
7f8b0c021000-7f8b10000000 ---p 00000000 00:00 0 
7f8b10000000-7f8b10021000 rw-p 00000000 00:00 0 
7f8b10021000-7f8b14000000 ---p 00000000 00:00 0 
7f8b16dd3000-7f8b16dea000 r-xp 00000000 103:01 12063769                  /lib/x86_64-linux-gnu/libresolv-2.27.so
7f8b16dea000-7f8b16fea000 ---p 00017000 103:01 12063769                  /lib/x86_64-linux-gnu/libresolv-2.27.so
7f8b16fea000-7f8b16feb000 r--p 00017000 103:01 12063769                  /lib/x86_64-linux-gnu/libresolv-2.27.so
7f8b16feb000-7f8b16fec000 rw-p 00018000 103:01 12063769                  /lib/x86_64-linux-gnu/libresolv-2.27.so
7f8b16fec000-7f8b16fee000 rw-p 00000000 00:00 0 
7f8b16fee000-7f8b16ff3000 r-xp 00000000 103:01 12063718                  /lib/x86_64-linux-gnu/libnss_dns-2.27.so
7f8b16ff3000-7f8b171f3000 ---p 00005000 103:01 12063718                  /lib/x86_64-linux-gnu/libnss_dns-2.27.so
7f8b171f3000-7f8b171f4000 r--p 00005000 103:01 12063718                  /lib/x86_64-linux-gnu/libnss_dns-2.27.so
7f8b171f4000-7f8b171f5000 rw-p 00006000 103:01 12063718                  /lib/x86_64-linux-gnu/libnss_dns-2.27.so
7f8b171f5000-7f8b171f7000 r-xp 00000000 103:01 12063726                  /lib/x86_64-linux-gnu/libnss_mdns4_minimal.so.2
7f8b171f7000-7f8b173f6000 ---p 00002000 103:01 12063726                  /lib/x86_64-linux-gnu/libnss_mdns4_minimal.so.2
7f8b173f6000-7f8b173f7000 r--p 00001000 103:01 12063726                  /lib/x86_64-linux-gnu/libnss_mdns4_minimal.so.2
7f8b173f7000-7f8b173f8000 rw-p 00002000 103:01 12063726                  /lib/x86_64-linux-gnu/libnss_mdns4_minimal.so.2
7f8b173f8000-7f8b174b8000 rw-p 00000000 00:00 0 
7f8b174b8000-7f8b175f8000 ---p 00000000 00:00 0 
7f8b175f8000-7f8b177f8000 rw-p 00000000 00:00 0 
7f8b177f8000-7f8b177fc000 ---p 00000000 00:00 0 
7f8b177fc000-7f8b178f9000 rw-p 00000000 00:00 0 
7f8b178f9000-7f8b178fd000 ---p 00000000 00:00 0 
7f8b178fd000-7f8b179fa000 rw-p 00000000 00:00 0 
7f8b179fa000-7f8b179fe000 ---p 00000000 00:00 0 
7f8b179fe000-7f8b17afb000 rw-p 00000000 00:00 0 
7f8b17afb000-7f8b17aff000 ---p 00000000 00:00 0 
7f8b17aff000-7f8b17bfc000 rw-p 00000000 00:00 0 
7f8b17bfc000-7f8b17c00000 ---p 00000000 00:00 0 
7f8b17c00000-7f8b17cfd000 rw-p 00000000 00:00 0 
7f8b17cfd000-7f8b17d01000 ---p 00000000 00:00 0 
7f8b17d01000-7f8b17dfe000 rw-p 00000000 00:00 0 
7f8b17dfe000-7f8b17e02000 ---p 00000000 00:00 0 
7f8b17e02000-7f8b17eff000 rw-p 00000000 00:00 0 
7f8b17eff000-7f8b17f03000 ---p 00000000 00:00 0 
7f8b17f03000-7f8b18000000 rw-p 00000000 00:00 0 
7f8b18000000-7f8b18021000 rw-p 00000000 00:00 0 
7f8b18021000-7f8b1c000000 ---p 00000000 00:00 0 
7f8b1c000000-7f8b1c021000 rw-p 00000000 00:00 0 
7f8b1c021000-7f8b20000000 ---p 00000000 00:00 0 
7f8b20000000-7f8b20049000 rw-p 00000000 00:00 0 
7f8b20049000-7f8b24000000 ---p 00000000 00:00 0 
7f8b24000000-7f8b243ac000 rw-p 00000000 00:00 0 
7f8b243ac000-7f8b28000000 ---p 00000000 00:00 0 
7f8b28000000-7f8b28021000 rw-p 00000000 00:00 0 
7f8b28021000-7f8b2c000000 ---p 00000000 00:00 0 
7f8b2c000000-7f8b2c021000 rw-p 00000000 00:00 0 
7f8b2c021000-7f8b30000000 ---p 00000000 00:00 0 
7f8b30000000-7f8b30021000 rw-p 00000000 00:00 0 
7f8b30021000-7f8b34000000 ---p 00000000 00:00 0 
7f8b34000000-7f8b34021000 rw-p 00000000 00:00 0 
7f8b34021000-7f8b38000000 ---p 00000000 00:00 0 
7f8b38000000-7f8b38021000 rw-p 00000000 00:00 0 
7f8b38021000-7f8b3c000000 ---p 00000000 00:00 0 
7f8b3c000000-7f8b3c021000 rw-p 00000000 00:00 0 
7f8b3c021000-7f8b40000000 ---p 00000000 00:00 0 
7f8b40000000-7f8b40021000 rw-p 00000000 00:00 0 
7f8b40021000-7f8b44000000 ---p 00000000 00:00 0 
7f8b44000000-7f8b44021000 rw-p 00000000 00:00 0 
7f8b44021000-7f8b48000000 ---p 00000000 00:00 0 
7f8b48000000-7f8b4a1d9000 rw-p 00000000 00:00 0 
7f8b4a1d9000-7f8b4c000000 ---p 00000000 00:00 0 
7f8b4c000000-7f8b4c021000 rw-p 00000000 00:00 0 
7f8b4c021000-7f8b50000000 ---p 00000000 00:00 0 
7f8b50042000-7f8b50046000 ---p 00000000 00:00 0 
7f8b50046000-7f8b50143000 rw-p 00000000 00:00 0 
7f8b50143000-7f8b50147000 ---p 00000000 00:00 0 
7f8b50147000-7f8b50244000 rw-p 00000000 00:00 0 
7f8b50244000-7f8b50248000 ---p 00000000 00:00 0 
7f8b50248000-7f8b50345000 rw-p 00000000 00:00 0 
7f8b50345000-7f8b50349000 ---p 00000000 00:00 0 
7f8b50349000-7f8b50634000 rw-p 00000000 00:00 0 
7f8b50634000-7f8b50646000 ---p 00000000 00:00 0 
7f8b50646000-7f8b50846000 rw-p 00000000 00:00 0 
7f8b50940000-7f8b50944000 ---p 00000000 00:00 0 
7f8b50944000-7f8b50c41000 rw-p 00000000 00:00 0 
7f8b50c41000-7f8b50e41000 rw-p 00000000 00:00 0 
7f8b50e41000-7f8b51041000 rw-p 00000000 00:00 0 
7f8b51041000-7f8b51241000 rw-p 00000000 00:00 0 
7f8b51241000-7f8b51441000 rw-p 00000000 00:00 0 
7f8b51441000-7f8b51641000 rw-p 00000000 00:00 0 
7f8b51641000-7f8b51841000 rw-p 00000000 00:00 0 
7f8b51841000-7f8b51a41000 rw-p 00000000 00:00 0 
7f8b51a41000-7f8b51a6b000 r-xp 00000000 103:01 5776617                   /usr/lib/jvm/java-11-openjdk-amd64/lib/libsunec.so
7f8b51a6b000-7f8b51c6a000 ---p 0002a000 103:01 5776617                   /usr/lib/jvm/java-11-openjdk-amd64/lib/libsunec.so
7f8b51c6a000-7f8b51c6e000 r--p 00029000 103:01 5776617                   /usr/lib/jvm/java-11-openjdk-amd64/lib/libsunec.so
7f8b51c6e000-7f8b51c70000 rw-p 0002d000 103:01 5776617                   /usr/lib/jvm/java-11-openjdk-amd64/lib/libsunec.so
7f8b51c70000-7f8b51c72000 r-xp 00000000 103:01 5776592                   /usr/lib/jvm/java-11-openjdk-amd64/lib/libextnet.so
7f8b51c72000-7f8b51e71000 ---p 00002000 103:01 5776592                   /usr/lib/jvm/java-11-openjdk-amd64/lib/libextnet.so
7f8b51e71000-7f8b51e72000 r--p 00001000 103:01 5776592                   /usr/lib/jvm/java-11-openjdk-amd64/lib/libextnet.so
7f8b51e72000-7f8b51e73000 rw-p 00002000 103:01 5776592                   /usr/lib/jvm/java-11-openjdk-amd64/lib/libextnet.so
7f8b51e73000-7f8b51e74000 ---p 00000000 00:00 0 
7f8b51e74000-7f8b51f75000 rw-p 00000000 00:00 0 
7f8b51f75000-7f8b51f76000 ---p 00000000 00:00 0 
7f8b51f76000-7f8b52077000 rw-p 00000000 00:00 0 
7f8b52077000-7f8b52078000 ---p 00000000 00:00 0 
7f8b52078000-7f8b52179000 rw-p 00000000 00:00 0 
7f8b52179000-7f8b5217a000 ---p 00000000 00:00 0 
7f8b5217a000-7f8b52463000 rw-p 00000000 00:00 0 
7f8b52463000-7f8b5247b000 ---p 00000000 00:00 0 
7f8b5247b000-7f8b5267b000 rw-p 00000000 00:00 0 
7f8b5267b000-7f8b5287b000 rw-p 00000000 00:00 0 
7f8b5290a000-7f8b52b0a000 rw-p 00000000 00:00 0 
7f8b52b0a000-7f8b52b0e000 ---p 00000000 00:00 0 
7f8b52b0e000-7f8b52e0b000 rw-p 00000000 00:00 0 
7f8b52e86000-7f8b52e8a000 ---p 00000000 00:00 0 
7f8b52e8a000-7f8b53187000 rw-p 00000000 00:00 0 
7f8b53187000-7f8b53387000 rw-p 00000000 00:00 0 
7f8b53387000-7f8b53573000 rw-p 00000000 00:00 0 
7f8b53573000-7f8b53587000 ---p 00000000 00:00 0 
7f8b53587000-7f8b53787000 rw-p 00000000 00:00 0 
7f8b53787000-7f8b53987000 rw-p 00000000 00:00 0 
7f8b53987000-7f8b53b87000 rw-p 00000000 00:00 0 
7f8b53bfd000-7f8b53bfe000 ---p 00000000 00:00 0 
7f8b53bfe000-7f8b53cff000 rw-p 00000000 00:00 0 
7f8b53cff000-7f8b53d03000 ---p 00000000 00:00 0 
7f8b53d03000-7f8b54000000 rw-p 00000000 00:00 0 
7f8b54000000-7f8b54021000 rw-p 00000000 00:00 0 
7f8b54021000-7f8b58000000 ---p 00000000 00:00 0 
7f8b58000000-7f8b58021000 rw-p 00000000 00:00 0 
7f8b58021000-7f8b5c000000 ---p 00000000 00:00 0 
7f8b5c000000-7f8b5c021000 rw-p 00000000 00:00 0 
7f8b5c021000-7f8b60000000 ---p 00000000 00:00 0 
7f8b60000000-7f8b60387000 rw-p 00000000 00:00 0 
7f8b60387000-7f8b64000000 ---p 00000000 00:00 0 
7f8b64000000-7f8b64021000 rw-p 00000000 00:00 0 
7f8b64021000-7f8b68000000 ---p 00000000 00:00 0 
7f8b68000000-7f8b68021000 rw-p 00000000 00:00 0 
7f8b68021000-7f8b6c000000 ---p 00000000 00:00 0 
7f8b6c000000-7f8b6c030000 rw-p 00000000 00:00 0 
7f8b6c030000-7f8b70000000 ---p 00000000 00:00 0 
7f8b70000000-7f8b700e6000 rw-p 00000000 00:00 0 
7f8b700e6000-7f8b74000000 ---p 00000000 00:00 0 
7f8b74000000-7f8b74021000 rw-p 00000000 00:00 0 
7f8b74021000-7f8b78000000 ---p 00000000 00:00 0 
7f8b78000000-7f8b79e42000 rw-p 00000000 00:00 0 
7f8b79e42000-7f8b7c000000 ---p 00000000 00:00 0 
7f8b7c000000-7f8b7d36a000 rw-p 00000000 00:00 0 
7f8b7d36a000-7f8b80000000 ---p 00000000 00:00 0 
7f8b80000000-7f8b80021000 rw-p 00000000 00:00 0 
7f8b80021000-7f8b84000000 ---p 00000000 00:00 0 
7f8b84000000-7f8b84021000 rw-p 00000000 00:00 0 
7f8b84021000-7f8b88000000 ---p 00000000 00:00 0 
7f8b88000000-7f8b8a575000 rw-p 00000000 00:00 0 
7f8b8a575000-7f8b8c000000 ---p 00000000 00:00 0 
7f8b8c000000-7f8b8c021000 rw-p 00000000 00:00 0 
7f8b8c021000-7f8b90000000 ---p 00000000 00:00 0 
7f8b90000000-7f8b90021000 rw-p 00000000 00:00 0 
7f8b90021000-7f8b94000000 ---p 00000000 00:00 0 
7f8b94000000-7f8b94021000 rw-p 00000000 00:00 0 
7f8b94021000-7f8b98000000 ---p 00000000 00:00 0 
7f8b98000000-7f8b981a1000 rw-p 00000000 00:00 0 
7f8b981a1000-7f8b9c000000 ---p 00000000 00:00 0 
7f8b9c000000-7f8b9c021000 rw-p 00000000 00:00 0 
7f8b9c021000-7f8ba0000000 ---p 00000000 00:00 0 
7f8ba0000000-7f8ba0021000 rw-p 00000000 00:00 0 
7f8ba0021000-7f8ba4000000 ---p 00000000 00:00 0 
7f8ba40b6000-7f8ba40bb000 r-xp 00000000 103:01 5776609                   /usr/lib/jvm/java-11-openjdk-amd64/lib/libmanagement_ext.so
7f8ba40bb000-7f8ba42ba000 ---p 00005000 103:01 5776609                   /usr/lib/jvm/java-11-openjdk-amd64/lib/libmanagement_ext.so
7f8ba42ba000-7f8ba42bb000 r--p 00004000 103:01 5776609                   /usr/lib/jvm/java-11-openjdk-amd64/lib/libmanagement_ext.so
7f8ba42bb000-7f8ba42bc000 rw-p 00005000 103:01 5776609                   /usr/lib/jvm/java-11-openjdk-amd64/lib/libmanagement_ext.so
7f8ba42bc000-7f8ba42c0000 r-xp 00000000 103:01 5776607                   /usr/lib/jvm/java-11-openjdk-amd64/lib/libmanagement.so
7f8ba42c0000-7f8ba44bf000 ---p 00004000 103:01 5776607                   /usr/lib/jvm/java-11-openjdk-amd64/lib/libmanagement.so
7f8ba44bf000-7f8ba44c0000 r--p 00003000 103:01 5776607                   /usr/lib/jvm/java-11-openjdk-amd64/lib/libmanagement.so
7f8ba44c0000-7f8ba44c1000 rw-p 00004000 103:01 5776607                   /usr/lib/jvm/java-11-openjdk-amd64/lib/libmanagement.so
7f8ba44c1000-7f8ba44c2000 ---p 00000000 00:00 0 
7f8ba44c2000-7f8ba45c3000 rw-p 00000000 00:00 0 
7f8ba45c3000-7f8ba45c4000 ---p 00000000 00:00 0 
7f8ba45c4000-7f8ba46c5000 rw-p 00000000 00:00 0 
7f8ba46c5000-7f8ba46c6000 ---p 00000000 00:00 0 
7f8ba46c6000-7f8ba47c7000 rw-p 00000000 00:00 0 
7f8ba47c7000-7f8ba47cb000 ---p 00000000 00:00 0 
7f8ba47cb000-7f8ba48c8000 rw-p 00000000 00:00 0 
7f8ba48c8000-7f8ba48c9000 ---p 00000000 00:00 0 
7f8ba48c9000-7f8ba49ca000 rw-p 00000000 00:00 0 
7f8ba49ca000-7f8ba49ce000 ---p 00000000 00:00 0 
7f8ba49ce000-7f8ba4acb000 rw-p 00000000 00:00 0 
7f8ba4acb000-7f8ba4ae1000 r-xp 00000000 103:01 5776611                   /usr/lib/jvm/java-11-openjdk-amd64/lib/libnet.so
7f8ba4ae1000-7f8ba4ce0000 ---p 00016000 103:01 5776611                   /usr/lib/jvm/java-11-openjdk-amd64/lib/libnet.so
7f8ba4ce0000-7f8ba4ce1000 r--p 00015000 103:01 5776611                   /usr/lib/jvm/java-11-openjdk-amd64/lib/libnet.so
7f8ba4ce1000-7f8ba4ce2000 rw-p 00016000 103:01 5776611                   /usr/lib/jvm/java-11-openjdk-amd64/lib/libnet.so
7f8ba4ce2000-7f8ba4cf2000 r-xp 00000000 103:01 5776612                   /usr/lib/jvm/java-11-openjdk-amd64/lib/libnio.so
7f8ba4cf2000-7f8ba4ef1000 ---p 00010000 103:01 5776612                   /usr/lib/jvm/java-11-openjdk-amd64/lib/libnio.so
7f8ba4ef1000-7f8ba4ef2000 r--p 0000f000 103:01 5776612                   /usr/lib/jvm/java-11-openjdk-amd64/lib/libnio.so
7f8ba4ef2000-7f8ba4ef3000 rw-p 00010000 103:01 5776612                   /usr/lib/jvm/java-11-openjdk-amd64/lib/libnio.so
7f8ba4ef3000-7f8ba4ef7000 ---p 00000000 00:00 0 
7f8ba4ef7000-7f8ba4ff4000 rw-p 00000000 00:00 0 
7f8ba4ff4000-7f8ba4ff8000 ---p 00000000 00:00 0 
7f8ba4ff8000-7f8ba50f5000 rw-p 00000000 00:00 0 
7f8ba50f5000-7f8ba50f9000 ---p 00000000 00:00 0 
7f8ba50f9000-7f8ba51f6000 rw-p 00000000 00:00 0 
7f8ba51f6000-7f8ba51fa000 r-xp 00000000 103:01 5776591                   /usr/lib/jvm/java-11-openjdk-amd64/lib/libdt_socket.so
7f8ba51fa000-7f8ba53fa000 ---p 00004000 103:01 5776591                   /usr/lib/jvm/java-11-openjdk-amd64/lib/libdt_socket.so
7f8ba53fa000-7f8ba53fb000 r--p 00004000 103:01 5776591                   /usr/lib/jvm/java-11-openjdk-amd64/lib/libdt_socket.so
7f8ba53fb000-7f8ba53fc000 rw-p 00005000 103:01 5776591                   /usr/lib/jvm/java-11-openjdk-amd64/lib/libdt_socket.so
7f8ba53fc000-7f8ba5400000 ---p 00000000 00:00 0 
7f8ba5400000-7f8ba54fd000 rw-p 00000000 00:00 0 
7f8ba54fd000-7f8ba5501000 ---p 00000000 00:00 0 
7f8ba5501000-7f8ba55fe000 rw-p 00000000 00:00 0 
7f8ba55fe000-7f8ba5602000 ---p 00000000 00:00 0 
7f8ba5602000-7f8ba56ff000 rw-p 00000000 00:00 0 
7f8ba56ff000-7f8ba5703000 ---p 00000000 00:00 0 
7f8ba5703000-7f8ba8000000 rw-p 00000000 00:00 0 
7f8ba8000000-7f8ba8021000 rw-p 00000000 00:00 0 
7f8ba8021000-7f8bac000000 ---p 00000000 00:00 0 
7f8bac060000-7f8bac470000 r--p 00000000 103:01 5773315                   /usr/lib/locale/locale-archive
7f8bac470000-7f8bac748000 rw-p 00000000 00:00 0 
7f8bac748000-7f8bae230000 ---p 00000000 00:00 0 
7f8bae230000-7f8bae510000 rw-p 00000000 00:00 0 
7f8bae510000-7f8bafff8000 ---p 00000000 00:00 0 
7f8bafff8000-7f8bb0000000 rw-p 00000000 00:00 0 
7f8bb0000000-7f8bb0021000 rw-p 00000000 00:00 0 
7f8bb0021000-7f8bb4000000 ---p 00000000 00:00 0 
7f8bb4084000-7f8bb4088000 ---p 00000000 00:00 0 
7f8bb4088000-7f8bb4185000 rw-p 00000000 00:00 0 
7f8bb4185000-7f8bb4189000 ---p 00000000 00:00 0 
7f8bb4189000-7f8bb4286000 rw-p 00000000 00:00 0 
7f8bb4286000-7f8bb428a000 ---p 00000000 00:00 0 
7f8bb428a000-7f8bb4387000 rw-p 00000000 00:00 0 
7f8bb4387000-7f8bb438b000 ---p 00000000 00:00 0 
7f8bb438b000-7f8bb4488000 rw-p 00000000 00:00 0 
7f8bb4488000-7f8bb4489000 ---p 00000000 00:00 0 
7f8bb4489000-7f8bb460b000 rw-p 00000000 00:00 0 
7f8bb460b000-7f8bb460c000 ---p 00000000 00:00 0 
7f8bb460c000-7f8bb470d000 rw-p 00000000 00:00 0 
7f8bb470d000-7f8bb470e000 ---p 00000000 00:00 0 
7f8bb470e000-7f8bb4910000 rw-p 00000000 00:00 0 
7f8bb4910000-7f8bb4b80000 rwxp 00000000 00:00 0 
7f8bb4b80000-7f8bb4ea1000 ---p 00000000 00:00 0 
7f8bb4ea1000-7f8bb5b21000 rwxp 00000000 00:00 0 
7f8bb5b21000-7f8bbc3d8000 ---p 00000000 00:00 0 
7f8bbc3d8000-7f8bbc7b8000 rwxp 00000000 00:00 0 
7f8bbc7b8000-7f8bc3910000 ---p 00000000 00:00 0 
7f8bc3910000-7f8bcc000000 r--s 00000000 103:01 5776621                   /usr/lib/jvm/java-11-openjdk-amd64/lib/modules
7f8bcc000000-7f8bce348000 rw-p 00000000 00:00 0 
7f8bce348000-7f8bd0000000 ---p 00000000 00:00 0 
7f8bd0004000-7f8bd0034000 r--p 00000000 103:01 6688497                   /usr/share/locale-langpack/ru/LC_MESSAGES/libc.mo
7f8bd0034000-7f8bd073b000 rw-p 00000000 00:00 0 
7f8bd073b000-7f8bd073c000 ---p 00000000 00:00 0 
7f8bd073c000-7f8bd083d000 rw-p 00000000 00:00 0 
7f8bd083d000-7f8bd083e000 ---p 00000000 00:00 0 
7f8bd083e000-7f8bd099a000 rw-p 00000000 00:00 0 
7f8bd099a000-7f8bd0cf7000 ---p 00000000 00:00 0 
7f8bd0cf7000-7f8bd0d53000 rw-p 00000000 00:00 0 
7f8bd0d53000-7f8bd10b0000 ---p 00000000 00:00 0 
7f8bd10b0000-7f8bd110c000 rw-p 00000000 00:00 0 
7f8bd110c000-7f8bd1469000 ---p 00000000 00:00 0 
7f8bd1469000-7f8bd1c72000 rw-p 00000000 00:00 0 
7f8bd1c72000-7f8bd1c73000 ---p 00000000 00:00 0 
7f8bd1c73000-7f8bd1d7c000 rw-p 00000000 00:00 0 
7f8bd1d7c000-7f8bd1e5f000 ---p 00000000 00:00 0 
7f8bd1e5f000-7f8bd1e78000 rw-p 00000000 00:00 0 
7f8bd1e78000-7f8bd1f4a000 ---p 00000000 00:00 0 
7f8bd1f4a000-7f8bd1f4f000 r-xp 00000000 103:01 5776603                   /usr/lib/jvm/java-11-openjdk-amd64/lib/libjimage.so
7f8bd1f4f000-7f8bd214e000 ---p 00005000 103:01 5776603                   /usr/lib/jvm/java-11-openjdk-amd64/lib/libjimage.so
7f8bd214e000-7f8bd214f000 r--p 00004000 103:01 5776603                   /usr/lib/jvm/java-11-openjdk-amd64/lib/libjimage.so
7f8bd214f000-7f8bd2150000 rw-p 00005000 103:01 5776603                   /usr/lib/jvm/java-11-openjdk-amd64/lib/libjimage.so
7f8bd2150000-7f8bd2157000 r-xp 00000000 103:01 5776620                   /usr/lib/jvm/java-11-openjdk-amd64/lib/libzip.so
7f8bd2157000-7f8bd2356000 ---p 00007000 103:01 5776620                   /usr/lib/jvm/java-11-openjdk-amd64/lib/libzip.so
7f8bd2356000-7f8bd2357000 r--p 00006000 103:01 5776620                   /usr/lib/jvm/java-11-openjdk-amd64/lib/libzip.so
7f8bd2357000-7f8bd2358000 rw-p 00007000 103:01 5776620                   /usr/lib/jvm/java-11-openjdk-amd64/lib/libzip.so
7f8bd2358000-7f8bd2363000 r-xp 00000000 103:01 12063720                  /lib/x86_64-linux-gnu/libnss_files-2.27.so
7f8bd2363000-7f8bd2562000 ---p 0000b000 103:01 12063720                  /lib/x86_64-linux-gnu/libnss_files-2.27.so
7f8bd2562000-7f8bd2563000 r--p 0000a000 103:01 12063720                  /lib/x86_64-linux-gnu/libnss_files-2.27.so
7f8bd2563000-7f8bd2564000 rw-p 0000b000 103:01 12063720                  /lib/x86_64-linux-gnu/libnss_files-2.27.so
7f8bd2564000-7f8bd256a000 rw-p 00000000 00:00 0 
7f8bd256a000-7f8bd2581000 r-xp 00000000 103:01 12063714                  /lib/x86_64-linux-gnu/libnsl-2.27.so
7f8bd2581000-7f8bd2780000 ---p 00017000 103:01 12063714                  /lib/x86_64-linux-gnu/libnsl-2.27.so
7f8bd2780000-7f8bd2781000 r--p 00016000 103:01 12063714                  /lib/x86_64-linux-gnu/libnsl-2.27.so
7f8bd2781000-7f8bd2782000 rw-p 00017000 103:01 12063714                  /lib/x86_64-linux-gnu/libnsl-2.27.so
7f8bd2782000-7f8bd2784000 rw-p 00000000 00:00 0 
7f8bd2784000-7f8bd278f000 r-xp 00000000 103:01 12063731                  /lib/x86_64-linux-gnu/libnss_nis-2.27.so
7f8bd278f000-7f8bd298e000 ---p 0000b000 103:01 12063731                  /lib/x86_64-linux-gnu/libnss_nis-2.27.so
7f8bd298e000-7f8bd298f000 r--p 0000a000 103:01 12063731                  /lib/x86_64-linux-gnu/libnss_nis-2.27.so
7f8bd298f000-7f8bd2990000 rw-p 0000b000 103:01 12063731                  /lib/x86_64-linux-gnu/libnss_nis-2.27.so
7f8bd2990000-7f8bd2998000 r-xp 00000000 103:01 12063716                  /lib/x86_64-linux-gnu/libnss_compat-2.27.so
7f8bd2998000-7f8bd2b98000 ---p 00008000 103:01 12063716                  /lib/x86_64-linux-gnu/libnss_compat-2.27.so
7f8bd2b98000-7f8bd2b99000 r--p 00008000 103:01 12063716                  /lib/x86_64-linux-gnu/libnss_compat-2.27.so
7f8bd2b99000-7f8bd2b9a000 rw-p 00009000 103:01 12063716                  /lib/x86_64-linux-gnu/libnss_compat-2.27.so
7f8bd2b9a000-7f8bd2ba4000 r-xp 00000000 103:01 5776594                   /usr/lib/jvm/java-11-openjdk-amd64/lib/libinstrument.so
7f8bd2ba4000-7f8bd2da3000 ---p 0000a000 103:01 5776594                   /usr/lib/jvm/java-11-openjdk-amd64/lib/libinstrument.so
7f8bd2da3000-7f8bd2da4000 r--p 00009000 103:01 5776594                   /usr/lib/jvm/java-11-openjdk-amd64/lib/libinstrument.so
7f8bd2da4000-7f8bd2da5000 rw-p 0000a000 103:01 5776594                   /usr/lib/jvm/java-11-openjdk-amd64/lib/libinstrument.so
7f8bd2da5000-7f8bd2de0000 r-xp 00000000 103:01 5776602                   /usr/lib/jvm/java-11-openjdk-amd64/lib/libjdwp.so
7f8bd2de0000-7f8bd2fdf000 ---p 0003b000 103:01 5776602                   /usr/lib/jvm/java-11-openjdk-amd64/lib/libjdwp.so
7f8bd2fdf000-7f8bd2fe0000 r--p 0003a000 103:01 5776602                   /usr/lib/jvm/java-11-openjdk-amd64/lib/libjdwp.so
7f8bd2fe0000-7f8bd2fe1000 rw-p 0003b000 103:01 5776602                   /usr/lib/jvm/java-11-openjdk-amd64/lib/libjdwp.so
7f8bd2fe1000-7f8bd300a000 r-xp 00000000 103:01 5776599                   /usr/lib/jvm/java-11-openjdk-amd64/lib/libjava.so
7f8bd300a000-7f8bd3209000 ---p 00029000 103:01 5776599                   /usr/lib/jvm/java-11-openjdk-amd64/lib/libjava.so
7f8bd3209000-7f8bd320a000 r--p 00028000 103:01 5776599                   /usr/lib/jvm/java-11-openjdk-amd64/lib/libjava.so
7f8bd320a000-7f8bd320c000 rw-p 00029000 103:01 5776599                   /usr/lib/jvm/java-11-openjdk-amd64/lib/libjava.so
7f8bd320c000-7f8bd3219000 r-xp 00000000 103:01 5776619                   /usr/lib/jvm/java-11-openjdk-amd64/lib/libverify.so
7f8bd3219000-7f8bd3418000 ---p 0000d000 103:01 5776619                   /usr/lib/jvm/java-11-openjdk-amd64/lib/libverify.so
7f8bd3418000-7f8bd341a000 r--p 0000c000 103:01 5776619                   /usr/lib/jvm/java-11-openjdk-amd64/lib/libverify.so
7f8bd341a000-7f8bd341b000 rw-p 0000e000 103:01 5776619                   /usr/lib/jvm/java-11-openjdk-amd64/lib/libverify.so
7f8bd341b000-7f8bd3422000 r-xp 00000000 103:01 12063771                  /lib/x86_64-linux-gnu/librt-2.27.so
7f8bd3422000-7f8bd3621000 ---p 00007000 103:01 12063771                  /lib/x86_64-linux-gnu/librt-2.27.so
7f8bd3621000-7f8bd3622000 r--p 00006000 103:01 12063771                  /lib/x86_64-linux-gnu/librt-2.27.so
7f8bd3622000-7f8bd3623000 rw-p 00007000 103:01 12063771                  /lib/x86_64-linux-gnu/librt-2.27.so
7f8bd3623000-7f8bd363a000 r-xp 00000000 103:01 12063531                  /lib/x86_64-linux-gnu/libgcc_s.so.1
7f8bd363a000-7f8bd3839000 ---p 00017000 103:01 12063531                  /lib/x86_64-linux-gnu/libgcc_s.so.1
7f8bd3839000-7f8bd383a000 r--p 00016000 103:01 12063531                  /lib/x86_64-linux-gnu/libgcc_s.so.1
7f8bd383a000-7f8bd383b000 rw-p 00017000 103:01 12063531                  /lib/x86_64-linux-gnu/libgcc_s.so.1
7f8bd383b000-7f8bd39d8000 r-xp 00000000 103:01 12063693                  /lib/x86_64-linux-gnu/libm-2.27.so
7f8bd39d8000-7f8bd3bd7000 ---p 0019d000 103:01 12063693                  /lib/x86_64-linux-gnu/libm-2.27.so
7f8bd3bd7000-7f8bd3bd8000 r--p 0019c000 103:01 12063693                  /lib/x86_64-linux-gnu/libm-2.27.so
7f8bd3bd8000-7f8bd3bd9000 rw-p 0019d000 103:01 12063693                  /lib/x86_64-linux-gnu/libm-2.27.so
7f8bd3bd9000-7f8bd3d52000 r-xp 00000000 103:01 5767651                   /usr/lib/x86_64-linux-gnu/libstdc++.so.6.0.25
7f8bd3d52000-7f8bd3f52000 ---p 00179000 103:01 5767651                   /usr/lib/x86_64-linux-gnu/libstdc++.so.6.0.25
7f8bd3f52000-7f8bd3f5c000 r--p 00179000 103:01 5767651                   /usr/lib/x86_64-linux-gnu/libstdc++.so.6.0.25
7f8bd3f5c000-7f8bd3f5e000 rw-p 00183000 103:01 5767651                   /usr/lib/x86_64-linux-gnu/libstdc++.so.6.0.25
7f8bd3f5e000-7f8bd3f62000 rw-p 00000000 00:00 0 
7f8bd3f62000-7f8bd503b000 r-xp 00000000 103:01 5776624                   /usr/lib/jvm/java-11-openjdk-amd64/lib/server/libjvm.so
7f8bd503b000-7f8bd523a000 ---p 010d9000 103:01 5776624                   /usr/lib/jvm/java-11-openjdk-amd64/lib/server/libjvm.so
7f8bd523a000-7f8bd52f7000 r--p 010d8000 103:01 5776624                   /usr/lib/jvm/java-11-openjdk-amd64/lib/server/libjvm.so
7f8bd52f7000-7f8bd5331000 rw-p 01195000 103:01 5776624                   /usr/lib/jvm/java-11-openjdk-amd64/lib/server/libjvm.so
7f8bd5331000-7f8bd5387000 rw-p 00000000 00:00 0 
7f8bd5387000-7f8bd53a1000 r-xp 00000000 103:01 12063763                  /lib/x86_64-linux-gnu/libpthread-2.27.so
7f8bd53a1000-7f8bd55a0000 ---p 0001a000 103:01 12063763                  /lib/x86_64-linux-gnu/libpthread-2.27.so
7f8bd55a0000-7f8bd55a1000 r--p 00019000 103:01 12063763                  /lib/x86_64-linux-gnu/libpthread-2.27.so
7f8bd55a1000-7f8bd55a2000 rw-p 0001a000 103:01 12063763                  /lib/x86_64-linux-gnu/libpthread-2.27.so
7f8bd55a2000-7f8bd55a6000 rw-p 00000000 00:00 0 
7f8bd55a6000-7f8bd55a9000 r-xp 00000000 103:01 12063653                  /lib/x86_64-linux-gnu/libdl-2.27.so
7f8bd55a9000-7f8bd57a8000 ---p 00003000 103:01 12063653                  /lib/x86_64-linux-gnu/libdl-2.27.so
7f8bd57a8000-7f8bd57a9000 r--p 00002000 103:01 12063653                  /lib/x86_64-linux-gnu/libdl-2.27.so
7f8bd57a9000-7f8bd57aa000 rw-p 00003000 103:01 12063653                  /lib/x86_64-linux-gnu/libdl-2.27.so
7f8bd57aa000-7f8bd57c6000 r-xp 00000000 103:01 12063804                  /lib/x86_64-linux-gnu/libz.so.1.2.11
7f8bd57c6000-7f8bd59c5000 ---p 0001c000 103:01 12063804                  /lib/x86_64-linux-gnu/libz.so.1.2.11
7f8bd59c5000-7f8bd59c6000 r--p 0001b000 103:01 12063804                  /lib/x86_64-linux-gnu/libz.so.1.2.11
7f8bd59c6000-7f8bd59c7000 rw-p 0001c000 103:01 12063804                  /lib/x86_64-linux-gnu/libz.so.1.2.11
7f8bd59c7000-7f8bd5bae000 r-xp 00000000 103:01 12063630                  /lib/x86_64-linux-gnu/libc-2.27.so
7f8bd5bae000-7f8bd5dae000 ---p 001e7000 103:01 12063630                  /lib/x86_64-linux-gnu/libc-2.27.so
7f8bd5dae000-7f8bd5db2000 r--p 001e7000 103:01 12063630                  /lib/x86_64-linux-gnu/libc-2.27.so
7f8bd5db2000-7f8bd5db4000 rw-p 001eb000 103:01 12063630                  /lib/x86_64-linux-gnu/libc-2.27.so
7f8bd5db4000-7f8bd5db8000 rw-p 00000000 00:00 0 
7f8bd5db8000-7f8bd5dc8000 r-xp 00000000 103:01 5776583                   /usr/lib/jvm/java-11-openjdk-amd64/lib/jli/libjli.so
7f8bd5dc8000-7f8bd5fc7000 ---p 00010000 103:01 5776583                   /usr/lib/jvm/java-11-openjdk-amd64/lib/jli/libjli.so
7f8bd5fc7000-7f8bd5fc8000 r--p 0000f000 103:01 5776583                   /usr/lib/jvm/java-11-openjdk-amd64/lib/jli/libjli.so
7f8bd5fc8000-7f8bd5fc9000 rw-p 00010000 103:01 5776583                   /usr/lib/jvm/java-11-openjdk-amd64/lib/jli/libjli.so
7f8bd5fc9000-7f8bd5ff0000 r-xp 00000000 103:01 12063602                  /lib/x86_64-linux-gnu/ld-2.27.so
7f8bd5ff4000-7f8bd5ffb000 r--s 00000000 103:01 6033732                   /usr/lib/x86_64-linux-gnu/gconv/gconv-modules.cache
7f8bd5ffb000-7f8bd60d1000 rw-p 00000000 00:00 0 
7f8bd60d1000-7f8bd60d5000 ---p 00000000 00:00 0 
7f8bd60d5000-7f8bd61d4000 rw-p 00000000 00:00 0 
7f8bd61d5000-7f8bd61d6000 r--s 00002000 07:0f 3407                       /snap/intellij-idea-ultimate/218/plugins/java/lib/rt/debugger-agent-storage.jar
7f8bd61d6000-7f8bd61db000 rw-p 00000000 00:00 0 
7f8bd61db000-7f8bd61e2000 ---p 00000000 00:00 0 
7f8bd61e2000-7f8bd61e4000 r--s 00007000 103:01 6304528                   /usr/share/java/java-atk-wrapper.jar
7f8bd61e4000-7f8bd61ec000 rw-s 00000000 103:01 11534388                  /tmp/hsperfdata_roman/1315
7f8bd61ec000-7f8bd61ed000 ---p 00000000 00:00 0 
7f8bd61ed000-7f8bd61ee000 r--p 00000000 00:00 0 
7f8bd61ee000-7f8bd61f0000 rw-p 00000000 00:00 0 
7f8bd61f0000-7f8bd61f1000 r--p 00027000 103:01 12063602                  /lib/x86_64-linux-gnu/ld-2.27.so
7f8bd61f1000-7f8bd61f2000 rw-p 00028000 103:01 12063602                  /lib/x86_64-linux-gnu/ld-2.27.so
7f8bd61f2000-7f8bd61f3000 rw-p 00000000 00:00 0 
7ffe67cf8000-7ffe67d1b000 rw-p 00000000 00:00 0                          [stack]
7ffe67dbe000-7ffe67dc1000 r--p 00000000 00:00 0                          [vvar]
7ffe67dc1000-7ffe67dc2000 r-xp 00000000 00:00 0                          [vdso]
ffffffffff600000-ffffffffff601000 r-xp 00000000 00:00 0                  [vsyscall]


VM Arguments:
jvm_args: -agentlib:jdwp=transport=dt_socket,address=127.0.0.1:59413,suspend=y,server=n -javaagent:/snap/intellij-idea-ultimate/218/plugins/java/lib/rt/debugger-agent.jar -Dfile.encoding=UTF-8 
java_command: bot.Application
java_class_path (initial): /home/roman/IdeaProjects/newVkPostBote/target/classes:/home/roman/.m2/repository/org/springframework/boot/spring-boot-starter-web/2.2.1.RELEASE/spring-boot-starter-web-2.2.1.RELEASE.jar:/home/roman/.m2/repository/org/springframework/boot/spring-boot-starter/2.2.1.RELEASE/spring-boot-starter-2.2.1.RELEASE.jar:/home/roman/.m2/repository/org/springframework/boot/spring-boot/2.2.1.RELEASE/spring-boot-2.2.1.RELEASE.jar:/home/roman/.m2/repository/org/springframework/boot/spring-boot-autoconfigure/2.2.1.RELEASE/spring-boot-autoconfigure-2.2.1.RELEASE.jar:/home/roman/.m2/repository/org/springframework/boot/spring-boot-starter-logging/2.2.1.RELEASE/spring-boot-starter-logging-2.2.1.RELEASE.jar:/home/roman/.m2/repository/ch/qos/logback/logback-classic/1.2.3/logback-classic-1.2.3.jar:/home/roman/.m2/repository/ch/qos/logback/logback-core/1.2.3/logback-core-1.2.3.jar:/home/roman/.m2/repository/org/apache/logging/log4j/log4j-to-slf4j/2.12.1/log4j-to-slf4j-2.12.1.jar:/home/roman/.m2/repository/org/apache/logging/log4j/log4j-api/2.12.1/log4j-api-2.12.1.jar:/home/roman/.m2/repository/org/slf4j/jul-to-slf4j/1.7.29/jul-to-slf4j-1.7.29.jar:/home/roman/.m2/repository/jakarta/annotation/jakarta.annotation-api/1.3.5/jakarta.annotation-api-1.3.5.jar:/home/roman/.m2/repository/org/springframework/spring-core/5.2.1.RELEASE/spring-core-5.2.1.RELEASE.jar:/home/roman/.m2/repository/org/springframework/spring-jcl/5.2.1.RELEASE/spring-jcl-5.2.1.RELEASE.jar:/home/roman/.m2/repository/org/yaml/snakeyaml/1.25/snakeyaml-1.25.jar:/home/roman/.m2/repository/org/springframework/boot/spring-boot-starter-json/2.2.1.RELEASE/spring-boot-starter-json-2.2.1.RELEASE.jar:/home/roman/.m2/repository/com/fasterxml/jackson/core/jackson-databind/2.10.0/jackson-databind-2.10.0.jar:/home/roman/.m2/repository/com/fasterxml/jackson/core/jackson-annotations/2.10.0/jackson-annotations-2.10.0.jar:/home/roman/.m2/repository/com/fasterxml/jackson/core/jackson-core/2.10.0/jackson-core-2.10.0.jar:
Launcher Type: SUN_STANDARD

[Global flags]
     intx CICompilerCount                          = 4                                         {product} {ergonomic}
     uint ConcGCThreads                            = 2                                         {product} {ergonomic}
     uint G1ConcRefinementThreads                  = 8                                         {product} {ergonomic}
   size_t G1HeapRegionSize                         = 1048576                                   {product} {ergonomic}
    uintx GCDrainStackTargetSize                   = 64                                        {product} {ergonomic}
   size_t InitialHeapSize                          = 125829120                                 {product} {ergonomic}
   size_t MarkStackSize                            = 4194304                                   {product} {ergonomic}
   size_t MaxHeapSize                              = 1998585856                                {product} {ergonomic}
   size_t MaxNewSize                               = 1198522368                                {product} {ergonomic}
   size_t MinHeapDeltaBytes                        = 1048576                                   {product} {ergonomic}
    uintx NonNMethodCodeHeapSize                   = 5836300                                {pd product} {ergonomic}
    uintx NonProfiledCodeHeapSize                  = 122910970                              {pd product} {ergonomic}
    uintx ProfiledCodeHeapSize                     = 122910970                              {pd product} {ergonomic}
    uintx ReservedCodeCacheSize                    = 251658240                              {pd product} {ergonomic}
     bool SegmentedCodeCache                       = true                                      {product} {ergonomic}
     bool UseCompressedClassPointers               = true                                 {lp64_product} {ergonomic}
     bool UseCompressedOops                        = true                                 {lp64_product} {ergonomic}
     bool UseG1GC                                  = true                                      {product} {ergonomic}

Logging:
Log output configuration:
 #0: stdout all=warning uptime,level,tags
 #1: stderr all=off uptime,level,tags

Environment Variables:
PATH=/home/roman/.local/share/umake/bin:/usr/local/sbin:/usr/local/bin:/usr/sbin:/usr/bin:/sbin:/bin:/usr/games:/usr/local/games:/snap/bin:/home/roman/liquibase
SHELL=/bin/bash
DISPLAY=:0

Signal Handlers:
SIGSEGV: [libjvm.so+0xdf1470], sa_mask[0]=11111111011111111101111111111110, sa_flags=SA_RESTART|SA_SIGINFO
SIGBUS: [libjvm.so+0xdf1470], sa_mask[0]=11111111011111111101111111111110, sa_flags=SA_RESTART|SA_SIGINFO
SIGFPE: [libjvm.so+0xdf1470], sa_mask[0]=11111111011111111101111111111110, sa_flags=SA_RESTART|SA_SIGINFO
SIGPIPE: [libjvm.so+0xbc5560], sa_mask[0]=11111111011111111101111111111110, sa_flags=SA_RESTART|SA_SIGINFO
SIGXFSZ: [libjvm.so+0xbc5560], sa_mask[0]=11111111011111111101111111111110, sa_flags=SA_RESTART|SA_SIGINFO
SIGILL: [libjvm.so+0xdf1470], sa_mask[0]=11111111011111111101111111111110, sa_flags=SA_RESTART|SA_SIGINFO
SIGUSR2: [libjvm.so+0xbc5400], sa_mask[0]=00100000000000000000000000000000, sa_flags=SA_RESTART|SA_SIGINFO
SIGHUP: [libjvm.so+0xbc5760], sa_mask[0]=11111111011111111101111111111110, sa_flags=SA_RESTART|SA_SIGINFO
SIGINT: [libjvm.so+0xbc5760], sa_mask[0]=11111111011111111101111111111110, sa_flags=SA_RESTART|SA_SIGINFO
SIGTERM: [libjvm.so+0xbc5760], sa_mask[0]=11111111011111111101111111111110, sa_flags=SA_RESTART|SA_SIGINFO
SIGQUIT: [libjvm.so+0xbc5760], sa_mask[0]=11111111011111111101111111111110, sa_flags=SA_RESTART|SA_SIGINFO


---------------  S Y S T E M  ---------------

OS:DISTRIB_ID=LinuxMint
DISTRIB_RELEASE=19.3
DISTRIB_CODENAME=tricia
DISTRIB_DESCRIPTION="Linux Mint 19.3 Tricia"
uname:Linux 5.0.0-32-generic #34~18.04.2-Ubuntu SMP Thu Oct 10 10:36:02 UTC 2019 x86_64
libc:glibc 2.27 NPTL 2.27 
rlimit: STACK 8192k, CORE 0k, NPROC 30203, NOFILE 1048576, AS infinity, DATA infinity, FSIZE infinity
load average:1,62 1,35 1,13

/proc/meminfo:
MemTotal:        7802796 kB
MemFree:          336708 kB
MemAvailable:    1862404 kB
Buffers:          250584 kB
Cached:          1934756 kB
SwapCached:          140 kB
Active:          5651712 kB
Inactive:        1360556 kB
Active(anon):    4589336 kB
Inactive(anon):   733024 kB
Active(file):    1062376 kB
Inactive(file):   627532 kB
Unevictable:       34968 kB
Mlocked:              48 kB
SwapTotal:       2097148 kB
SwapFree:        2088188 kB
Dirty:              5244 kB
Writeback:             0 kB
AnonPages:       4861380 kB
Mapped:           881176 kB
Shmem:            573372 kB
KReclaimable:     118324 kB
Slab:             199768 kB
SReclaimable:     118324 kB
SUnreclaim:        81444 kB
KernelStack:       19664 kB
PageTables:        68564 kB
NFS_Unstable:          0 kB
Bounce:                0 kB
WritebackTmp:          0 kB
CommitLimit:     5998544 kB
Committed_AS:   11783680 kB
VmallocTotal:   34359738367 kB
VmallocUsed:           0 kB
VmallocChunk:          0 kB
Percpu:             2944 kB
HardwareCorrupted:     0 kB
AnonHugePages:         0 kB
ShmemHugePages:        0 kB
ShmemPmdMapped:        0 kB
CmaTotal:              0 kB
CmaFree:               0 kB
HugePages_Total:       0
HugePages_Free:        0
HugePages_Rsvd:        0
HugePages_Surp:        0
Hugepagesize:       2048 kB
Hugetlb:               0 kB
DirectMap4k:      313836 kB
DirectMap2M:     7708672 kB
DirectMap1G:     1048576 kB


/proc/sys/kernel/threads-max (system-wide limit on the number of threads):
60406


/proc/sys/vm/max_map_count (maximum number of memory map areas a process may have):
65530


/proc/sys/kernel/pid_max (system-wide limit on number of process identifiers):
32768



container (cgroup) information:
container_type: cgroupv1
cpu_cpuset_cpus: 0-7
cpu_memory_nodes: 0
active_processor_count: 8
cpu_quota: -1
cpu_period: 100000
cpu_shares: -1
memory_limit_in_bytes: -1
memory_and_swap_limit_in_bytes: -2
memory_soft_limit_in_bytes: -1
memory_usage_in_bytes: 7216316416
memory_max_usage_in_bytes: 46346240

Steal ticks since vm start: 0
Steal ticks percentage since vm start:  0,000

CPU:total 8 (initial active 8) (4 cores per cpu, 2 threads per core) family 6 model 142 stepping 10, cmov, cx8, fxsr, mmx, sse, sse2, sse3, ssse3, sse4.1, sse4.2, popcnt, avx, avx2, aes, clmul, erms, 3dnowpref, lzcnt, ht, tsc, tscinvbit, bmi1, bmi2, adx, fma
CPU Model and flags from /proc/cpuinfo:
model name	: Intel(R) Core(TM) i5-8250U CPU @ 1.60GHz
flags		: fpu vme de pse tsc msr pae mce cx8 apic sep mtrr pge mca cmov pat pse36 clflush dts acpi mmx fxsr sse sse2 ss ht tm pbe syscall nx pdpe1gb rdtscp lm constant_tsc art arch_perfmon pebs bts rep_good nopl xtopology nonstop_tsc cpuid aperfmperf tsc_known_freq pni pclmulqdq dtes64 monitor ds_cpl vmx est tm2 ssse3 sdbg fma cx16 xtpr pdcm pcid sse4_1 sse4_2 x2apic movbe popcnt tsc_deadline_timer aes xsave avx f16c rdrand lahf_lm abm 3dnowprefetch cpuid_fault epb invpcid_single pti ssbd ibrs ibpb stibp tpr_shadow vnmi flexpriority ept vpid ept_ad fsgsbase tsc_adjust bmi1 avx2 smep bmi2 erms invpcid mpx rdseed adx smap clflushopt intel_pt xsaveopt xsavec xgetbv1 xsaves dtherm ida arat pln pts hwp hwp_notify hwp_act_window hwp_epp flush_l1d

Memory: 4k page, physical 7802796k(336708k free), swap 2097148k(2088188k free)

vm_info: OpenJDK 64-Bit Server VM (11.0.6+10-post-Ubuntu-1ubuntu118.04.1) for linux-amd64 JRE (11.0.6+10-post-Ubuntu-1ubuntu118.04.1), built on Jan 15 2020 15:14:00 by "unknown" with gcc 7.4.0

END.
